<?xml version="1.0" encoding="UTF-8"?>
<testsuite xmlns:xsi="http://www.w3.org/2001/XMLSchema-instance" xsi:noNamespaceSchemaLocation="https://maven.apache.org/surefire/maven-surefire-plugin/xsd/surefire-test-report-3.0.xsd" version="3.0" name="mr.gov.finances.sgci.AllWorkflowsIT" time="47.415" tests="1" errors="0" skipped="0" failures="0">
  <properties>
[...]
</properties>
  <testcase name="chaine_mise_en_place_demande_utilisation" classname="mr.gov.finances.sgci.AllWorkflowsIT" time="6.848">
    <system-out><![CDATA[17:47:50.548 [main] INFO org.springframework.test.context.support.AnnotationConfigContextLoaderUtils -- Could not detect default configuration classes for test class [mr.gov.finances.sgci.AllWorkflowsIT]: AllWorkflowsIT does not declare any static, non-private, non-final, nested classes annotated with @Configuration.
17:47:51.032 [main] INFO org.springframework.boot.test.context.SpringBootTestContextBootstrapper -- Found @SpringBootConfiguration mr.gov.finances.sgci.SgciApplication for test class mr.gov.finances.sgci.AllWorkflowsIT
  ____   ____   ____ ___ ___ 
 / ___| / ___| / ___|_ _/ _ \
 \___ \| |    | |    | | | | |
  ___) | |___ | |___ | | |_| |
 |____/ \____| \____|___\___/ 

   Commission Fiscale - SGCI


2026-04-13T17:47:52.672Z  INFO 13180 --- [sgci-backend] [           main] mr.gov.finances.sgci.AllWorkflowsIT      : Starting AllWorkflowsIT using Java 17.0.16 with PID 13180 (started by Index Informatique in C:\Users\Index Informatique\Downloads\Commission_Fiscale\back\commission-fiscale-backend)
2026-04-13T17:47:52.690Z  INFO 13180 --- [sgci-backend] [           main] mr.gov.finances.sgci.AllWorkflowsIT      : The following 1 profile is active: "test"
2026-04-13T17:47:57.403Z  INFO 13180 --- [sgci-backend] [           main] .s.d.r.c.RepositoryConfigurationDelegate : Bootstrapping Spring Data JPA repositories in DEFAULT mode.
2026-04-13T17:47:58.263Z  INFO 13180 --- [sgci-backend] [           main] .s.d.r.c.RepositoryConfigurationDelegate : Finished Spring Data repository scanning in 829 ms. Found 40 JPA repository interfaces.
2026-04-13T17:48:01.426Z  INFO 13180 --- [sgci-backend] [           main] o.s.b.w.embedded.tomcat.TomcatWebServer  : Tomcat initialized with port 0 (http)
2026-04-13T17:48:01.480Z  INFO 13180 --- [sgci-backend] [           main] o.apache.catalina.core.StandardService   : Starting service [Tomcat]
2026-04-13T17:48:01.484Z  INFO 13180 --- [sgci-backend] [           main] o.apache.catalina.core.StandardEngine    : Starting Servlet engine: [Apache Tomcat/10.1.18]
2026-04-13T17:48:01.783Z  INFO 13180 --- [sgci-backend] [           main] o.a.c.c.C.[Tomcat].[localhost].[/]       : Initializing Spring embedded WebApplicationContext
2026-04-13T17:48:01.789Z  INFO 13180 --- [sgci-backend] [           main] w.s.c.ServletWebServerApplicationContext : Root WebApplicationContext: initialization completed in 8996 ms
2026-04-13T17:48:02.279Z  INFO 13180 --- [sgci-backend] [           main] o.hibernate.jpa.internal.util.LogHelper  : HHH000204: Processing PersistenceUnitInfo [name: default]
2026-04-13T17:48:02.614Z  INFO 13180 --- [sgci-backend] [           main] org.hibernate.Version                    : HHH000412: Hibernate ORM core version 6.4.1.Final
2026-04-13T17:48:02.796Z  INFO 13180 --- [sgci-backend] [           main] o.h.c.internal.RegionFactoryInitiator    : HHH000026: Second-level cache disabled
2026-04-13T17:48:03.993Z  INFO 13180 --- [sgci-backend] [           main] o.s.o.j.p.SpringPersistenceUnitInfo      : No LoadTimeWeaver setup: ignoring JPA class transformer
2026-04-13T17:48:04.143Z  INFO 13180 --- [sgci-backend] [           main] com.zaxxer.hikari.HikariDataSource       : HikariPool-1 - Starting...
2026-04-13T17:48:04.871Z  INFO 13180 --- [sgci-backend] [           main] com.zaxxer.hikari.pool.HikariPool        : HikariPool-1 - Added connection conn0: url=jdbc:h2:mem:sgci_workflow_test user=SA
2026-04-13T17:48:04.880Z  INFO 13180 --- [sgci-backend] [           main] com.zaxxer.hikari.HikariDataSource       : HikariPool-1 - Start completed.
2026-04-13T17:48:04.993Z  WARN 13180 --- [sgci-backend] [           main] org.hibernate.orm.deprecation            : HHH90000025: H2Dialect does not need to be specified explicitly using 'hibernate.dialect' (remove the property setting and it will be selected by default)
2026-04-13T17:48:11.016Z  INFO 13180 --- [sgci-backend] [           main] o.h.e.t.j.p.i.JtaPlatformInitiator       : HHH000489: No JTA platform available (set 'hibernate.transaction.jta.platform' to enable JTA platform integration)
2026-04-13T17:48:11.625Z  INFO 13180 --- [sgci-backend] [           main] j.LocalContainerEntityManagerFactoryBean : Initialized JPA EntityManagerFactory for persistence unit 'default'
2026-04-13T17:48:13.740Z  INFO 13180 --- [sgci-backend] [           main] o.s.d.j.r.query.QueryEnhancerFactory     : Hibernate is in classpath; If applicable, HQL parser will be used.
2026-04-13T17:48:20.904Z  WARN 13180 --- [sgci-backend] [           main] JpaBaseConfiguration$JpaWebConfiguration : spring.jpa.open-in-view is enabled by default. Therefore, database queries may be performed during view rendering. Explicitly configure spring.jpa.open-in-view to disable this warning
2026-04-13T17:48:23.915Z  INFO 13180 --- [sgci-backend] [           main] o.s.b.w.embedded.tomcat.TomcatWebServer  : Tomcat started on port 62996 (http) with context path ''
2026-04-13T17:48:23.924Z  INFO 13180 --- [sgci-backend] [           main] o.s.m.s.b.SimpleBrokerMessageHandler     : Starting...
2026-04-13T17:48:23.925Z  INFO 13180 --- [sgci-backend] [           main] o.s.m.s.b.SimpleBrokerMessageHandler     : BrokerAvailabilityEvent[available=true, SimpleBrokerMessageHandler [org.springframework.messaging.simp.broker.DefaultSubscriptionRegistry@5e7558ef]]
2026-04-13T17:48:23.926Z  INFO 13180 --- [sgci-backend] [           main] o.s.m.s.b.SimpleBrokerMessageHandler     : Started.
2026-04-13T17:48:23.956Z  INFO 13180 --- [sgci-backend] [           main] mr.gov.finances.sgci.AllWorkflowsIT      : Started AllWorkflowsIT in 32.324 seconds (process running for 35.974)
2026-04-13T17:48:32.890Z  INFO 13180 --- [sgci-backend] [o-auto-1-exec-1] o.a.c.c.C.[Tomcat].[localhost].[/]       : Initializing Spring DispatcherServlet 'dispatcherServlet'
2026-04-13T17:48:32.905Z  INFO 13180 --- [sgci-backend] [o-auto-1-exec-1] m.g.f.s.web.filter.RequestLoggingFilter  : >>> POST /api/auth/login | user=anonymous
2026-04-13T17:48:33.936Z  INFO 13180 --- [sgci-backend] [o-auto-1-exec-1] m.g.f.s.web.filter.RequestLoggingFilter  : <<< POST /api/auth/login | status=200 | 1032ms | user=anonymous
2026-04-13T17:48:34.180Z  INFO 13180 --- [sgci-backend] [o-auto-1-exec-4] m.g.f.s.web.filter.RequestLoggingFilter  : >>> GET /api/certificats-credit | user=anonymous
2026-04-13T17:48:34.548Z  INFO 13180 --- [sgci-backend] [o-auto-1-exec-4] m.g.f.s.web.filter.RequestLoggingFilter  : <<< GET /api/certificats-credit | status=200 | 368ms | user=anonymous
2026-04-13T17:48:34.595Z  INFO 13180 --- [sgci-backend] [o-auto-1-exec-2] m.g.f.s.web.filter.RequestLoggingFilter  : >>> PATCH /api/certificats-credit/1/statut?statut=ANNULE | user=anonymous
2026-04-13T17:48:34.824Z  INFO 13180 --- [sgci-backend] [o-auto-1-exec-2] m.g.f.s.web.filter.RequestLoggingFilter  : <<< PATCH /api/certificats-credit/1/statut?statut=ANNULE | status=200 | 229ms | user=anonymous
2026-04-13T17:48:34.828Z  INFO 13180 --- [sgci-backend] [o-auto-1-exec-5] m.g.f.s.web.filter.RequestLoggingFilter  : >>> POST /api/auth/login | user=anonymous
2026-04-13T17:48:35.016Z  INFO 13180 --- [sgci-backend] [o-auto-1-exec-5] m.g.f.s.web.filter.RequestLoggingFilter  : <<< POST /api/auth/login | status=200 | 188ms | user=anonymous
2026-04-13T17:48:35.038Z  INFO 13180 --- [sgci-backend] [o-auto-1-exec-3] m.g.f.s.web.filter.RequestLoggingFilter  : >>> GET /api/demandes-correction/by-autorite/1 | user=anonymous
2026-04-13T17:48:35.128Z  INFO 13180 --- [sgci-backend] [o-auto-1-exec-3] m.g.f.s.web.filter.RequestLoggingFilter  : <<< GET /api/demandes-correction/by-autorite/1 | status=200 | 90ms | user=anonymous
2026-04-13T17:48:35.136Z  INFO 13180 --- [sgci-backend] [o-auto-1-exec-6] m.g.f.s.web.filter.RequestLoggingFilter  : >>> POST /api/certificats-credit | user=anonymous
2026-04-13T17:48:35.227Z  INFO 13180 --- [sgci-backend] [o-auto-1-exec-6] m.g.f.s.web.filter.RequestLoggingFilter  : <<< POST /api/certificats-credit | status=201 | 91ms | user=anonymous
2026-04-13T17:48:35.232Z  INFO 13180 --- [sgci-backend] [o-auto-1-exec-7] m.g.f.s.web.filter.RequestLoggingFilter  : >>> POST /api/auth/login | user=anonymous
2026-04-13T17:48:35.429Z  INFO 13180 --- [sgci-backend] [o-auto-1-exec-7] m.g.f.s.web.filter.RequestLoggingFilter  : <<< POST /api/auth/login | status=200 | 197ms | user=anonymous
2026-04-13T17:48:35.436Z  INFO 13180 --- [sgci-backend] [o-auto-1-exec-8] m.g.f.s.web.filter.RequestLoggingFilter  : >>> PATCH /api/certificats-credit/2/montants | user=anonymous
2026-04-13T17:48:35.487Z  INFO 13180 --- [sgci-backend] [o-auto-1-exec-8] m.g.f.s.web.filter.RequestLoggingFilter  : <<< PATCH /api/certificats-credit/2/montants | status=200 | 51ms | user=anonymous
2026-04-13T17:48:35.492Z  INFO 13180 --- [sgci-backend] [o-auto-1-exec-9] m.g.f.s.web.filter.RequestLoggingFilter  : >>> POST /api/auth/login | user=anonymous
2026-04-13T17:48:35.750Z  INFO 13180 --- [sgci-backend] [o-auto-1-exec-9] m.g.f.s.web.filter.RequestLoggingFilter  : <<< POST /api/auth/login | status=200 | 258ms | user=anonymous
2026-04-13T17:48:35.758Z  INFO 13180 --- [sgci-backend] [-auto-1-exec-10] m.g.f.s.web.filter.RequestLoggingFilter  : >>> POST /api/certificats-credit/2/decisions | user=anonymous
2026-04-13T17:48:35.906Z  INFO 13180 --- [sgci-backend] [-auto-1-exec-10] m.g.f.s.web.filter.RequestLoggingFilter  : <<< POST /api/certificats-credit/2/decisions | status=201 | 148ms | user=anonymous
2026-04-13T17:48:35.911Z  INFO 13180 --- [sgci-backend] [o-auto-1-exec-1] m.g.f.s.web.filter.RequestLoggingFilter  : >>> POST /api/auth/login | user=anonymous
2026-04-13T17:48:36.188Z  INFO 13180 --- [sgci-backend] [o-auto-1-exec-1] m.g.f.s.web.filter.RequestLoggingFilter  : <<< POST /api/auth/login | status=200 | 277ms | user=anonymous
2026-04-13T17:48:36.193Z  INFO 13180 --- [sgci-backend] [o-auto-1-exec-4] m.g.f.s.web.filter.RequestLoggingFilter  : >>> POST /api/certificats-credit/2/decisions | user=anonymous
2026-04-13T17:48:36.249Z  INFO 13180 --- [sgci-backend] [o-auto-1-exec-4] m.g.f.s.web.filter.RequestLoggingFilter  : <<< POST /api/certificats-credit/2/decisions | status=201 | 56ms | user=anonymous
2026-04-13T17:48:36.254Z  INFO 13180 --- [sgci-backend] [o-auto-1-exec-2] m.g.f.s.web.filter.RequestLoggingFilter  : >>> POST /api/auth/login | user=anonymous
2026-04-13T17:48:36.458Z  INFO 13180 --- [sgci-backend] [o-auto-1-exec-2] m.g.f.s.web.filter.RequestLoggingFilter  : <<< POST /api/auth/login | status=200 | 204ms | user=anonymous
2026-04-13T17:48:36.462Z  INFO 13180 --- [sgci-backend] [o-auto-1-exec-5] m.g.f.s.web.filter.RequestLoggingFilter  : >>> POST /api/certificats-credit/2/decisions | user=anonymous
2026-04-13T17:48:36.529Z  INFO 13180 --- [sgci-backend] [o-auto-1-exec-5] m.g.f.s.web.filter.RequestLoggingFilter  : <<< POST /api/certificats-credit/2/decisions | status=201 | 67ms | user=anonymous
2026-04-13T17:48:36.535Z  INFO 13180 --- [sgci-backend] [o-auto-1-exec-3] m.g.f.s.web.filter.RequestLoggingFilter  : >>> GET /api/certificats-credit/2 | user=anonymous
2026-04-13T17:48:36.590Z  INFO 13180 --- [sgci-backend] [o-auto-1-exec-3] m.g.f.s.web.filter.RequestLoggingFilter  : <<< GET /api/certificats-credit/2 | status=200 | 55ms | user=anonymous
2026-04-13T17:48:36.596Z  INFO 13180 --- [sgci-backend] [o-auto-1-exec-6] m.g.f.s.web.filter.RequestLoggingFilter  : >>> PATCH /api/certificats-credit/2/statut?statut=OUVERT | user=anonymous
2026-04-13T17:48:36.647Z  INFO 13180 --- [sgci-backend] [o-auto-1-exec-6] m.g.f.s.web.filter.RequestLoggingFilter  : <<< PATCH /api/certificats-credit/2/statut?statut=OUVERT | status=200 | 51ms | user=anonymous
2026-04-13T17:48:36.653Z  INFO 13180 --- [sgci-backend] [o-auto-1-exec-7] m.g.f.s.web.filter.RequestLoggingFilter  : >>> PATCH /api/demandes-correction/1/statut?statut=NOTIFIEE | user=anonymous
2026-04-13T17:48:36.765Z  INFO 13180 --- [sgci-backend] [o-auto-1-exec-7] m.g.f.s.web.filter.RequestLoggingFilter  : <<< PATCH /api/demandes-correction/1/statut?statut=NOTIFIEE | status=200 | 111ms | user=anonymous
2026-04-13T17:48:36.769Z  INFO 13180 --- [sgci-backend] [o-auto-1-exec-8] m.g.f.s.web.filter.RequestLoggingFilter  : >>> POST /api/auth/login | user=anonymous
2026-04-13T17:48:36.988Z  INFO 13180 --- [sgci-backend] [o-auto-1-exec-8] m.g.f.s.web.filter.RequestLoggingFilter  : <<< POST /api/auth/login | status=200 | 219ms | user=anonymous
2026-04-13T17:48:36.992Z  INFO 13180 --- [sgci-backend] [o-auto-1-exec-9] m.g.f.s.web.filter.RequestLoggingFilter  : >>> POST /api/utilisations-credit | user=anonymous
2026-04-13T17:48:37.085Z  INFO 13180 --- [sgci-backend] [o-auto-1-exec-9] m.g.f.s.web.filter.RequestLoggingFilter  : <<< POST /api/utilisations-credit | status=201 | 93ms | user=anonymous
2026-04-13T17:48:37.091Z  INFO 13180 --- [sgci-backend] [-auto-1-exec-10] m.g.f.s.web.filter.RequestLoggingFilter  : >>> POST /api/auth/login | user=anonymous
2026-04-13T17:48:37.364Z  INFO 13180 --- [sgci-backend] [-auto-1-exec-10] m.g.f.s.web.filter.RequestLoggingFilter  : <<< POST /api/auth/login | status=200 | 273ms | user=anonymous
2026-04-13T17:48:37.371Z  INFO 13180 --- [sgci-backend] [o-auto-1-exec-1] m.g.f.s.web.filter.RequestLoggingFilter  : >>> PATCH /api/utilisations-credit/3/statut?statut=REJETEE | user=anonymous
2026-04-13T17:48:37.432Z  INFO 13180 --- [sgci-backend] [o-auto-1-exec-1] m.g.f.s.web.filter.RequestLoggingFilter  : <<< PATCH /api/utilisations-credit/3/statut?statut=REJETEE | status=200 | 61ms | user=anonymous
]]></system-out>
  </testcase>
</testsuite>