<?xml version="1.0" encoding="UTF-8"?>
<testsuite xmlns:xsi="http://www.w3.org/2001/XMLSchema-instance" xsi:noNamespaceSchemaLocation="https://maven.apache.org/surefire/maven-surefire-plugin/xsd/surefire-test-report-3.0.xsd" version="3.0" name="mr.gov.finances.sgci.DemandeExplicationIT" time="46.674" tests="3" errors="0" skipped="0" failures="0">
  <properties>
[...]
</properties>
  <testcase name="entreprise_ne_peut_pas_acceder_aux_explications" classname="mr.gov.finances.sgci.DemandeExplicationIT" time="3.707">
    <system-out><![CDATA[13:04:55.062 [main] INFO org.springframework.test.context.support.AnnotationConfigContextLoaderUtils -- Could not detect default configuration classes for test class [mr.gov.finances.sgci.DemandeExplicationIT]: DemandeExplicationIT does not declare any static, non-private, non-final, nested classes annotated with @Configuration.
13:04:55.423 [main] INFO org.springframework.boot.test.context.SpringBootTestContextBootstrapper -- Found @SpringBootConfiguration mr.gov.finances.sgci.SgciApplication for test class mr.gov.finances.sgci.DemandeExplicationIT
  ____   ____   ____ ___ ___ 
 / ___| / ___| / ___|_ _/ _ \
 \___ \| |    | |    | | | | |
  ___) | |___ | |___ | | |_| |
 |____/ \____| \____|___\___/ 

   Commission Fiscale - SGCI


2026-05-24T13:04:56.838Z  INFO 14812 --- [sgci-backend] [           main] m.g.finances.sgci.DemandeExplicationIT   : Starting DemandeExplicationIT using Java 17.0.16 with PID 14812 (started by Index Informatique in C:\Users\Index Informatique\Downloads\Commission_Fiscale\back\commission-fiscale-backend)
2026-05-24T13:04:56.845Z  INFO 14812 --- [sgci-backend] [           main] m.g.finances.sgci.DemandeExplicationIT   : The following 1 profile is active: "test"
2026-05-24T13:05:01.092Z  INFO 14812 --- [sgci-backend] [           main] .s.d.r.c.RepositoryConfigurationDelegate : Bootstrapping Spring Data JPA repositories in DEFAULT mode.
2026-05-24T13:05:01.866Z  INFO 14812 --- [sgci-backend] [           main] .s.d.r.c.RepositoryConfigurationDelegate : Finished Spring Data repository scanning in 739 ms. Found 45 JPA repository interfaces.
2026-05-24T13:05:04.804Z  INFO 14812 --- [sgci-backend] [           main] o.s.b.w.embedded.tomcat.TomcatWebServer  : Tomcat initialized with port 0 (http)
2026-05-24T13:05:04.844Z  INFO 14812 --- [sgci-backend] [           main] o.apache.catalina.core.StandardService   : Starting service [Tomcat]
2026-05-24T13:05:04.845Z  INFO 14812 --- [sgci-backend] [           main] o.apache.catalina.core.StandardEngine    : Starting Servlet engine: [Apache Tomcat/10.1.18]
2026-05-24T13:05:05.159Z  INFO 14812 --- [sgci-backend] [           main] o.a.c.c.C.[Tomcat].[localhost].[/]       : Initializing Spring embedded WebApplicationContext
2026-05-24T13:05:05.164Z  INFO 14812 --- [sgci-backend] [           main] w.s.c.ServletWebServerApplicationContext : Root WebApplicationContext: initialization completed in 8231 ms
2026-05-24T13:05:05.707Z  INFO 14812 --- [sgci-backend] [           main] o.hibernate.jpa.internal.util.LogHelper  : HHH000204: Processing PersistenceUnitInfo [name: default]
2026-05-24T13:05:05.937Z  INFO 14812 --- [sgci-backend] [           main] org.hibernate.Version                    : HHH000412: Hibernate ORM core version 6.4.1.Final
2026-05-24T13:05:06.099Z  INFO 14812 --- [sgci-backend] [           main] o.h.c.internal.RegionFactoryInitiator    : HHH000026: Second-level cache disabled
2026-05-24T13:05:07.200Z  INFO 14812 --- [sgci-backend] [           main] o.s.o.j.p.SpringPersistenceUnitInfo      : No LoadTimeWeaver setup: ignoring JPA class transformer
2026-05-24T13:05:07.345Z  INFO 14812 --- [sgci-backend] [           main] com.zaxxer.hikari.HikariDataSource       : HikariPool-1 - Starting...
2026-05-24T13:05:08.015Z  INFO 14812 --- [sgci-backend] [           main] com.zaxxer.hikari.pool.HikariPool        : HikariPool-1 - Added connection conn0: url=jdbc:h2:mem:sgci_workflow_test user=SA
2026-05-24T13:05:08.020Z  INFO 14812 --- [sgci-backend] [           main] com.zaxxer.hikari.HikariDataSource       : HikariPool-1 - Start completed.
2026-05-24T13:05:08.123Z  WARN 14812 --- [sgci-backend] [           main] org.hibernate.orm.deprecation            : HHH90000025: H2Dialect does not need to be specified explicitly using 'hibernate.dialect' (remove the property setting and it will be selected by default)
2026-05-24T13:05:14.347Z  INFO 14812 --- [sgci-backend] [           main] o.h.e.t.j.p.i.JtaPlatformInitiator       : HHH000489: No JTA platform available (set 'hibernate.transaction.jta.platform' to enable JTA platform integration)
2026-05-24T13:05:14.915Z  INFO 14812 --- [sgci-backend] [           main] j.LocalContainerEntityManagerFactoryBean : Initialized JPA EntityManagerFactory for persistence unit 'default'
2026-05-24T13:05:17.232Z  INFO 14812 --- [sgci-backend] [           main] o.s.d.j.r.query.QueryEnhancerFactory     : Hibernate is in classpath; If applicable, HQL parser will be used.
2026-05-24T13:05:25.212Z  WARN 14812 --- [sgci-backend] [           main] JpaBaseConfiguration$JpaWebConfiguration : spring.jpa.open-in-view is enabled by default. Therefore, database queries may be performed during view rendering. Explicitly configure spring.jpa.open-in-view to disable this warning
2026-05-24T13:05:27.889Z  INFO 14812 --- [sgci-backend] [           main] o.s.b.w.embedded.tomcat.TomcatWebServer  : Tomcat started on port 49330 (http) with context path ''
2026-05-24T13:05:27.898Z  INFO 14812 --- [sgci-backend] [           main] o.s.m.s.b.SimpleBrokerMessageHandler     : Starting...
2026-05-24T13:05:27.899Z  INFO 14812 --- [sgci-backend] [           main] o.s.m.s.b.SimpleBrokerMessageHandler     : BrokerAvailabilityEvent[available=true, SimpleBrokerMessageHandler [org.springframework.messaging.simp.broker.DefaultSubscriptionRegistry@3d363e8e]]
2026-05-24T13:05:27.900Z  INFO 14812 --- [sgci-backend] [           main] o.s.m.s.b.SimpleBrokerMessageHandler     : Started.
2026-05-24T13:05:27.927Z  INFO 14812 --- [sgci-backend] [           main] m.g.finances.sgci.DemandeExplicationIT   : Started DemandeExplicationIT in 32.015 seconds (process running for 35.476)
2026-05-24T13:05:37.598Z  INFO 14812 --- [sgci-backend] [o-auto-1-exec-1] o.a.c.c.C.[Tomcat].[localhost].[/]       : Initializing Spring DispatcherServlet 'dispatcherServlet'
2026-05-24T13:05:37.614Z  INFO 14812 --- [sgci-backend] [o-auto-1-exec-1] m.g.f.s.web.filter.RequestLoggingFilter  : >>> POST /api/auth/login | user=anonymous
2026-05-24T13:05:38.661Z  INFO 14812 --- [sgci-backend] [o-auto-1-exec-1] m.g.f.s.web.filter.RequestLoggingFilter  : <<< POST /api/auth/login | status=200 | 1047ms | user=anonymous
2026-05-24T13:05:38.863Z  INFO 14812 --- [sgci-backend] [o-auto-1-exec-2] m.g.f.s.web.filter.RequestLoggingFilter  : >>> GET /api/demandes-explication?contexte=CORRECTION&dossierId=1 | user=anonymous
2026-05-24T13:05:39.064Z  INFO 14812 --- [sgci-backend] [o-auto-1-exec-2] m.g.f.s.web.filter.RequestLoggingFilter  : <<< GET /api/demandes-explication?contexte=CORRECTION&dossierId=1 | status=403 | 201ms | user=anonymous
]]></system-out>
  </testcase>
  <testcase name="commission_ouvre_repond_et_ferme_fil_correction" classname="mr.gov.finances.sgci.DemandeExplicationIT" time="1.583">
    <system-out><![CDATA[2026-05-24T13:05:39.131Z  INFO 14812 --- [sgci-backend] [o-auto-1-exec-3] m.g.f.s.web.filter.RequestLoggingFilter  : >>> POST /api/auth/login | user=anonymous
2026-05-24T13:05:39.311Z  INFO 14812 --- [sgci-backend] [o-auto-1-exec-3] m.g.f.s.web.filter.RequestLoggingFilter  : <<< POST /api/auth/login | status=200 | 180ms | user=anonymous
2026-05-24T13:05:39.315Z  INFO 14812 --- [sgci-backend] [o-auto-1-exec-4] m.g.f.s.web.filter.RequestLoggingFilter  : >>> POST /api/auth/login | user=anonymous
2026-05-24T13:05:39.486Z  INFO 14812 --- [sgci-backend] [o-auto-1-exec-4] m.g.f.s.web.filter.RequestLoggingFilter  : <<< POST /api/auth/login | status=200 | 171ms | user=anonymous
2026-05-24T13:05:39.493Z  INFO 14812 --- [sgci-backend] [o-auto-1-exec-5] m.g.f.s.web.filter.RequestLoggingFilter  : >>> GET /api/demandes-correction/by-statut?statut=RECUE | user=anonymous
2026-05-24T13:05:39.626Z  INFO 14812 --- [sgci-backend] [o-auto-1-exec-5] m.g.f.s.web.filter.RequestLoggingFilter  : <<< GET /api/demandes-correction/by-statut?statut=RECUE | status=200 | 133ms | user=anonymous
2026-05-24T13:05:39.674Z  INFO 14812 --- [sgci-backend] [o-auto-1-exec-6] m.g.f.s.web.filter.RequestLoggingFilter  : >>> POST /api/demandes-explication | user=anonymous
2026-05-24T13:05:39.992Z  INFO 14812 --- [sgci-backend] [o-auto-1-exec-6] m.g.f.s.web.filter.RequestLoggingFilter  : <<< POST /api/demandes-explication | status=201 | 318ms | user=anonymous
2026-05-24T13:05:40.021Z  INFO 14812 --- [sgci-backend] [o-auto-1-exec-7] m.g.f.s.web.filter.RequestLoggingFilter  : >>> POST /api/demandes-explication/1/messages | user=anonymous
2026-05-24T13:05:40.161Z  INFO 14812 --- [sgci-backend] [o-auto-1-exec-7] m.g.f.s.web.filter.RequestLoggingFilter  : <<< POST /api/demandes-explication/1/messages | status=201 | 140ms | user=anonymous
2026-05-24T13:05:40.167Z  INFO 14812 --- [sgci-backend] [-auto-1-exec-10] m.g.f.s.web.filter.RequestLoggingFilter  : >>> POST /api/auth/login | user=anonymous
2026-05-24T13:05:40.382Z  INFO 14812 --- [sgci-backend] [-auto-1-exec-10] m.g.f.s.web.filter.RequestLoggingFilter  : <<< POST /api/auth/login | status=200 | 215ms | user=anonymous
2026-05-24T13:05:40.390Z  INFO 14812 --- [sgci-backend] [o-auto-1-exec-9] m.g.f.s.web.filter.RequestLoggingFilter  : >>> GET /api/demandes-explication?contexte=CORRECTION&dossierId=8 | user=anonymous
2026-05-24T13:05:40.503Z  INFO 14812 --- [sgci-backend] [o-auto-1-exec-9] m.g.f.s.web.filter.RequestLoggingFilter  : <<< GET /api/demandes-explication?contexte=CORRECTION&dossierId=8 | status=200 | 113ms | user=anonymous
2026-05-24T13:05:40.515Z  INFO 14812 --- [sgci-backend] [o-auto-1-exec-8] m.g.f.s.web.filter.RequestLoggingFilter  : >>> PUT /api/demandes-explication/1/fermer | user=anonymous
2026-05-24T13:05:40.636Z  INFO 14812 --- [sgci-backend] [o-auto-1-exec-8] m.g.f.s.web.filter.RequestLoggingFilter  : <<< PUT /api/demandes-explication/1/fermer | status=200 | 121ms | user=anonymous
2026-05-24T13:05:40.643Z  INFO 14812 --- [sgci-backend] [o-auto-1-exec-1] m.g.f.s.web.filter.RequestLoggingFilter  : >>> POST /api/demandes-explication/1/messages | user=anonymous
2026-05-24T13:05:40.699Z  INFO 14812 --- [sgci-backend] [o-auto-1-exec-1] m.g.f.s.web.filter.RequestLoggingFilter  : <<< POST /api/demandes-explication/1/messages | status=400 | 56ms | user=anonymous
]]></system-out>
  </testcase>
  <testcase name="certificat_et_utilisation_smoke" classname="mr.gov.finances.sgci.DemandeExplicationIT" time="0.544">
    <system-out><![CDATA[2026-05-24T13:05:40.723Z  INFO 14812 --- [sgci-backend] [o-auto-1-exec-2] m.g.f.s.web.filter.RequestLoggingFilter  : >>> POST /api/auth/login | user=anonymous
2026-05-24T13:05:40.941Z  INFO 14812 --- [sgci-backend] [o-auto-1-exec-2] m.g.f.s.web.filter.RequestLoggingFilter  : <<< POST /api/auth/login | status=200 | 218ms | user=anonymous
2026-05-24T13:05:40.946Z  INFO 14812 --- [sgci-backend] [o-auto-1-exec-3] m.g.f.s.web.filter.RequestLoggingFilter  : >>> GET /api/certificats-credit/by-statut?statut=EN_CONTROLE | user=anonymous
2026-05-24T13:05:41.001Z  INFO 14812 --- [sgci-backend] [o-auto-1-exec-3] m.g.f.s.web.filter.RequestLoggingFilter  : <<< GET /api/certificats-credit/by-statut?statut=EN_CONTROLE | status=200 | 55ms | user=anonymous
2026-05-24T13:05:41.011Z  INFO 14812 --- [sgci-backend] [o-auto-1-exec-4] m.g.f.s.web.filter.RequestLoggingFilter  : >>> POST /api/demandes-explication | user=anonymous
2026-05-24T13:05:41.087Z  INFO 14812 --- [sgci-backend] [o-auto-1-exec-4] m.g.f.s.web.filter.RequestLoggingFilter  : <<< POST /api/demandes-explication | status=201 | 76ms | user=anonymous
2026-05-24T13:05:41.095Z  INFO 14812 --- [sgci-backend] [o-auto-1-exec-5] m.g.f.s.web.filter.RequestLoggingFilter  : >>> GET /api/utilisations-credit/by-certificat/9 | user=anonymous
2026-05-24T13:05:41.162Z  INFO 14812 --- [sgci-backend] [o-auto-1-exec-5] m.g.f.s.web.filter.RequestLoggingFilter  : <<< GET /api/utilisations-credit/by-certificat/9 | status=200 | 67ms | user=anonymous
2026-05-24T13:05:41.165Z  INFO 14812 --- [sgci-backend] [o-auto-1-exec-6] m.g.f.s.web.filter.RequestLoggingFilter  : >>> POST /api/demandes-explication | user=anonymous
2026-05-24T13:05:41.247Z  INFO 14812 --- [sgci-backend] [o-auto-1-exec-6] m.g.f.s.web.filter.RequestLoggingFilter  : <<< POST /api/demandes-explication | status=201 | 82ms | user=anonymous
]]></system-out>
  </testcase>
</testsuite>