<?xml version="1.0" encoding="UTF-8"?>
<testsuite xmlns:xsi="http://www.w3.org/2001/XMLSchema-instance" xsi:noNamespaceSchemaLocation="https://maven.apache.org/surefire/maven-surefire-plugin/xsd/surefire-test-report-3.0.xsd" version="3.0" name="mr.gov.finances.sgci.WorkflowSmokeIT" time="0.862" tests="2" errors="0" skipped="0" failures="0">
  <properties>
[...]
</properties>
  <testcase name="dgd_peut_lister_demandes_certificats_et_utilisations" classname="mr.gov.finances.sgci.WorkflowSmokeIT" time="0.376">
    <system-out><![CDATA[2026-04-12T19:53:59.914Z  INFO 46884 --- [sgci-backend] [           main] t.c.s.AnnotationConfigContextLoaderUtils : Could not detect default configuration classes for test class [mr.gov.finances.sgci.WorkflowSmokeIT]: WorkflowSmokeIT does not declare any static, non-private, non-final, nested classes annotated with @Configuration.
2026-04-12T19:53:59.919Z  INFO 46884 --- [sgci-backend] [           main] .b.t.c.SpringBootTestContextBootstrapper : Found @SpringBootConfiguration mr.gov.finances.sgci.SgciApplication for test class mr.gov.finances.sgci.WorkflowSmokeIT
2026-04-12T19:53:59.951Z  INFO 46884 --- [sgci-backend] [o-auto-1-exec-1] m.g.f.s.web.filter.RequestLoggingFilter  : >>> POST /api/auth/login | user=anonymous
2026-04-12T19:54:00.176Z  INFO 46884 --- [sgci-backend] [o-auto-1-exec-1] m.g.f.s.web.filter.RequestLoggingFilter  : <<< POST /api/auth/login | status=200 | 225ms | user=anonymous
2026-04-12T19:54:00.182Z  INFO 46884 --- [sgci-backend] [o-auto-1-exec-2] m.g.f.s.web.filter.RequestLoggingFilter  : >>> GET /api/demandes-correction | user=anonymous
2026-04-12T19:54:00.226Z  INFO 46884 --- [sgci-backend] [o-auto-1-exec-2] m.g.f.s.web.filter.RequestLoggingFilter  : <<< GET /api/demandes-correction | status=200 | 44ms | user=anonymous
2026-04-12T19:54:00.231Z  INFO 46884 --- [sgci-backend] [o-auto-1-exec-3] m.g.f.s.web.filter.RequestLoggingFilter  : >>> GET /api/certificats-credit | user=anonymous
2026-04-12T19:54:00.271Z  INFO 46884 --- [sgci-backend] [o-auto-1-exec-3] m.g.f.s.web.filter.RequestLoggingFilter  : <<< GET /api/certificats-credit | status=200 | 40ms | user=anonymous
2026-04-12T19:54:00.274Z  INFO 46884 --- [sgci-backend] [o-auto-1-exec-4] m.g.f.s.web.filter.RequestLoggingFilter  : >>> GET /api/utilisations-credit | user=anonymous
2026-04-12T19:54:00.307Z  INFO 46884 --- [sgci-backend] [o-auto-1-exec-4] m.g.f.s.web.filter.RequestLoggingFilter  : <<< GET /api/utilisations-credit | status=200 | 33ms | user=anonymous
]]></system-out>
  </testcase>
  <testcase name="entreprise_peut_lister_demande_correction_certificat_et_utilisations" classname="mr.gov.finances.sgci.WorkflowSmokeIT" time="0.453">
    <system-out><![CDATA[2026-04-12T19:54:00.323Z  INFO 46884 --- [sgci-backend] [o-auto-1-exec-5] m.g.f.s.web.filter.RequestLoggingFilter  : >>> POST /api/auth/login | user=anonymous
2026-04-12T19:54:00.505Z  INFO 46884 --- [sgci-backend] [o-auto-1-exec-5] m.g.f.s.web.filter.RequestLoggingFilter  : <<< POST /api/auth/login | status=200 | 182ms | user=anonymous
2026-04-12T19:54:00.508Z  INFO 46884 --- [sgci-backend] [o-auto-1-exec-6] m.g.f.s.web.filter.RequestLoggingFilter  : >>> GET /api/demandes-correction/by-entreprise/1 | user=anonymous
2026-04-12T19:54:00.549Z  INFO 46884 --- [sgci-backend] [o-auto-1-exec-6] m.g.f.s.web.filter.RequestLoggingFilter  : <<< GET /api/demandes-correction/by-entreprise/1 | status=200 | 41ms | user=anonymous
2026-04-12T19:54:00.589Z  INFO 46884 --- [sgci-backend] [o-auto-1-exec-7] m.g.f.s.web.filter.RequestLoggingFilter  : >>> GET /api/demandes-correction | user=anonymous
2026-04-12T19:54:00.632Z  INFO 46884 --- [sgci-backend] [o-auto-1-exec-7] m.g.f.s.web.filter.RequestLoggingFilter  : <<< GET /api/demandes-correction | status=200 | 43ms | user=anonymous
2026-04-12T19:54:00.646Z  INFO 46884 --- [sgci-backend] [o-auto-1-exec-8] m.g.f.s.web.filter.RequestLoggingFilter  : >>> GET /api/certificats-credit/by-entreprise/1 | user=anonymous
2026-04-12T19:54:00.685Z  INFO 46884 --- [sgci-backend] [o-auto-1-exec-8] m.g.f.s.web.filter.RequestLoggingFilter  : <<< GET /api/certificats-credit/by-entreprise/1 | status=200 | 39ms | user=anonymous
2026-04-12T19:54:00.689Z  INFO 46884 --- [sgci-backend] [o-auto-1-exec-9] m.g.f.s.web.filter.RequestLoggingFilter  : >>> GET /api/certificats-credit | user=anonymous
2026-04-12T19:54:00.717Z  INFO 46884 --- [sgci-backend] [o-auto-1-exec-9] m.g.f.s.web.filter.RequestLoggingFilter  : <<< GET /api/certificats-credit | status=200 | 28ms | user=anonymous
2026-04-12T19:54:00.728Z  INFO 46884 --- [sgci-backend] [-auto-1-exec-10] m.g.f.s.web.filter.RequestLoggingFilter  : >>> GET /api/utilisations-credit | user=anonymous
2026-04-12T19:54:00.754Z  INFO 46884 --- [sgci-backend] [-auto-1-exec-10] m.g.f.s.web.filter.RequestLoggingFilter  : <<< GET /api/utilisations-credit | status=200 | 27ms | user=anonymous
]]></system-out>
  </testcase>
</testsuite>