<?xml version="1.0" encoding="UTF-8"?>
<testsuite xmlns:xsi="http://www.w3.org/2001/XMLSchema-instance" xsi:noNamespaceSchemaLocation="https://maven.apache.org/surefire/maven-surefire-plugin/xsd/surefire-test-report-3.0.xsd" version="3.0" name="mr.gov.finances.sgci.RejetWorkflowsIT" time="24.061" tests="3" errors="0" skipped="0" failures="0">
  <properties>
[...]
</properties>
  <testcase name="utilisation_rejet_definitif_depuis_demandee" classname="mr.gov.finances.sgci.RejetWorkflowsIT" time="2.163">
    <system-out><![CDATA[18:54:43.952 [main] INFO org.springframework.test.context.support.AnnotationConfigContextLoaderUtils -- Could not detect default configuration classes for test class [mr.gov.finances.sgci.RejetWorkflowsIT]: RejetWorkflowsIT does not declare any static, non-private, non-final, nested classes annotated with @Configuration.
18:54:44.207 [main] INFO org.springframework.boot.test.context.SpringBootTestContextBootstrapper -- Found @SpringBootConfiguration mr.gov.finances.sgci.SgciApplication for test class mr.gov.finances.sgci.RejetWorkflowsIT
  ____   ____   ____ ___ ___ 
 / ___| / ___| / ___|_ _/ _ \
 \___ \| |    | |    | | | | |
  ___) | |___ | |___ | | |_| |
 |____/ \____| \____|___\___/ 

   Commission Fiscale - SGCI


2026-04-19T18:54:45.116Z  INFO 30080 --- [sgci-backend] [           main] mr.gov.finances.sgci.RejetWorkflowsIT    : Starting RejetWorkflowsIT using Java 17.0.16 with PID 30080 (started by Index Informatique in C:\Users\Index Informatique\Downloads\Commission_Fiscale\back\commission-fiscale-backend)
2026-04-19T18:54:45.123Z  INFO 30080 --- [sgci-backend] [           main] mr.gov.finances.sgci.RejetWorkflowsIT    : The following 1 profile is active: "test"
2026-04-19T18:54:47.381Z  INFO 30080 --- [sgci-backend] [           main] .s.d.r.c.RepositoryConfigurationDelegate : Bootstrapping Spring Data JPA repositories in DEFAULT mode.
2026-04-19T18:54:47.698Z  INFO 30080 --- [sgci-backend] [           main] .s.d.r.c.RepositoryConfigurationDelegate : Finished Spring Data repository scanning in 297 ms. Found 40 JPA repository interfaces.
2026-04-19T18:54:49.398Z  INFO 30080 --- [sgci-backend] [           main] o.s.b.w.embedded.tomcat.TomcatWebServer  : Tomcat initialized with port 0 (http)
2026-04-19T18:54:49.415Z  INFO 30080 --- [sgci-backend] [           main] o.apache.catalina.core.StandardService   : Starting service [Tomcat]
2026-04-19T18:54:49.415Z  INFO 30080 --- [sgci-backend] [           main] o.apache.catalina.core.StandardEngine    : Starting Servlet engine: [Apache Tomcat/10.1.18]
2026-04-19T18:54:49.553Z  INFO 30080 --- [sgci-backend] [           main] o.a.c.c.C.[Tomcat].[localhost].[/]       : Initializing Spring embedded WebApplicationContext
2026-04-19T18:54:49.553Z  INFO 30080 --- [sgci-backend] [           main] w.s.c.ServletWebServerApplicationContext : Root WebApplicationContext: initialization completed in 4375 ms
2026-04-19T18:54:49.815Z  INFO 30080 --- [sgci-backend] [           main] o.hibernate.jpa.internal.util.LogHelper  : HHH000204: Processing PersistenceUnitInfo [name: default]
2026-04-19T18:54:49.988Z  INFO 30080 --- [sgci-backend] [           main] org.hibernate.Version                    : HHH000412: Hibernate ORM core version 6.4.1.Final
2026-04-19T18:54:50.081Z  INFO 30080 --- [sgci-backend] [           main] o.h.c.internal.RegionFactoryInitiator    : HHH000026: Second-level cache disabled
2026-04-19T18:54:50.698Z  INFO 30080 --- [sgci-backend] [           main] o.s.o.j.p.SpringPersistenceUnitInfo      : No LoadTimeWeaver setup: ignoring JPA class transformer
2026-04-19T18:54:50.763Z  INFO 30080 --- [sgci-backend] [           main] com.zaxxer.hikari.HikariDataSource       : HikariPool-1 - Starting...
2026-04-19T18:54:51.085Z  INFO 30080 --- [sgci-backend] [           main] com.zaxxer.hikari.pool.HikariPool        : HikariPool-1 - Added connection conn0: url=jdbc:h2:mem:sgci_workflow_test user=SA
2026-04-19T18:54:51.085Z  INFO 30080 --- [sgci-backend] [           main] com.zaxxer.hikari.HikariDataSource       : HikariPool-1 - Start completed.
2026-04-19T18:54:51.134Z  WARN 30080 --- [sgci-backend] [           main] org.hibernate.orm.deprecation            : HHH90000025: H2Dialect does not need to be specified explicitly using 'hibernate.dialect' (remove the property setting and it will be selected by default)
2026-04-19T18:54:53.684Z  INFO 30080 --- [sgci-backend] [           main] o.h.e.t.j.p.i.JtaPlatformInitiator       : HHH000489: No JTA platform available (set 'hibernate.transaction.jta.platform' to enable JTA platform integration)
2026-04-19T18:54:53.923Z  INFO 30080 --- [sgci-backend] [           main] j.LocalContainerEntityManagerFactoryBean : Initialized JPA EntityManagerFactory for persistence unit 'default'
2026-04-19T18:54:55.117Z  INFO 30080 --- [sgci-backend] [           main] o.s.d.j.r.query.QueryEnhancerFactory     : Hibernate is in classpath; If applicable, HQL parser will be used.
2026-04-19T18:54:58.963Z  WARN 30080 --- [sgci-backend] [           main] JpaBaseConfiguration$JpaWebConfiguration : spring.jpa.open-in-view is enabled by default. Therefore, database queries may be performed during view rendering. Explicitly configure spring.jpa.open-in-view to disable this warning
2026-04-19T18:55:00.551Z  INFO 30080 --- [sgci-backend] [           main] o.s.b.w.embedded.tomcat.TomcatWebServer  : Tomcat started on port 49673 (http) with context path ''
2026-04-19T18:55:00.551Z  INFO 30080 --- [sgci-backend] [           main] o.s.m.s.b.SimpleBrokerMessageHandler     : Starting...
2026-04-19T18:55:00.551Z  INFO 30080 --- [sgci-backend] [           main] o.s.m.s.b.SimpleBrokerMessageHandler     : BrokerAvailabilityEvent[available=true, SimpleBrokerMessageHandler [org.springframework.messaging.simp.broker.DefaultSubscriptionRegistry@70f15b]]
2026-04-19T18:55:00.551Z  INFO 30080 --- [sgci-backend] [           main] o.s.m.s.b.SimpleBrokerMessageHandler     : Started.
2026-04-19T18:55:00.569Z  INFO 30080 --- [sgci-backend] [           main] mr.gov.finances.sgci.RejetWorkflowsIT    : Started RejetWorkflowsIT in 16.033 seconds (process running for 17.887)
2026-04-19T18:55:05.124Z  INFO 30080 --- [sgci-backend] [o-auto-1-exec-1] o.a.c.c.C.[Tomcat].[localhost].[/]       : Initializing Spring DispatcherServlet 'dispatcherServlet'
2026-04-19T18:55:05.128Z  INFO 30080 --- [sgci-backend] [o-auto-1-exec-1] m.g.f.s.web.filter.RequestLoggingFilter  : >>> POST /api/auth/login | user=anonymous
2026-04-19T18:55:05.507Z  INFO 30080 --- [sgci-backend] [o-auto-1-exec-1] m.g.f.s.web.filter.RequestLoggingFilter  : <<< POST /api/auth/login | status=200 | 381ms | user=anonymous
2026-04-19T18:55:05.598Z  INFO 30080 --- [sgci-backend] [o-auto-1-exec-2] m.g.f.s.web.filter.RequestLoggingFilter  : >>> POST /api/auth/login | user=anonymous
2026-04-19T18:55:05.730Z  INFO 30080 --- [sgci-backend] [o-auto-1-exec-2] m.g.f.s.web.filter.RequestLoggingFilter  : <<< POST /api/auth/login | status=200 | 132ms | user=anonymous
2026-04-19T18:55:05.736Z  INFO 30080 --- [sgci-backend] [o-auto-1-exec-3] m.g.f.s.web.filter.RequestLoggingFilter  : >>> GET /api/certificats-credit | user=anonymous
2026-04-19T18:55:05.943Z  INFO 30080 --- [sgci-backend] [o-auto-1-exec-3] m.g.f.s.web.filter.RequestLoggingFilter  : <<< GET /api/certificats-credit | status=200 | 207ms | user=anonymous
2026-04-19T18:55:05.948Z  INFO 30080 --- [sgci-backend] [o-auto-1-exec-4] m.g.f.s.web.filter.RequestLoggingFilter  : >>> POST /api/utilisations-credit | user=anonymous
2026-04-19T18:55:06.067Z  INFO 30080 --- [sgci-backend] [o-auto-1-exec-4] m.g.f.s.web.filter.RequestLoggingFilter  : <<< POST /api/utilisations-credit | status=201 | 120ms | user=anonymous
2026-04-19T18:55:06.068Z  INFO 30080 --- [sgci-backend] [o-auto-1-exec-5] m.g.f.s.web.filter.RequestLoggingFilter  : >>> POST /api/auth/login | user=anonymous
2026-04-19T18:55:06.156Z  INFO 30080 --- [sgci-backend] [o-auto-1-exec-5] m.g.f.s.web.filter.RequestLoggingFilter  : <<< POST /api/auth/login | status=200 | 88ms | user=anonymous
2026-04-19T18:55:06.163Z  INFO 30080 --- [sgci-backend] [o-auto-1-exec-6] m.g.f.s.web.filter.RequestLoggingFilter  : >>> PATCH /api/utilisations-credit/3/statut?statut=REJETEE | user=anonymous
2026-04-19T18:55:06.223Z  INFO 30080 --- [sgci-backend] [o-auto-1-exec-6] m.g.f.s.web.filter.RequestLoggingFilter  : <<< PATCH /api/utilisations-credit/3/statut?statut=REJETEE | status=200 | 60ms | user=anonymous
]]></system-out>
  </testcase>
  <testcase name="utilisation_rejet_temp_puis_resolution" classname="mr.gov.finances.sgci.RejetWorkflowsIT" time="0.558">
    <system-out><![CDATA[2026-04-19T18:55:06.282Z  INFO 30080 --- [sgci-backend] [o-auto-1-exec-7] m.g.f.s.web.filter.RequestLoggingFilter  : >>> POST /api/auth/login | user=anonymous
2026-04-19T18:55:06.403Z  INFO 30080 --- [sgci-backend] [o-auto-1-exec-7] m.g.f.s.web.filter.RequestLoggingFilter  : <<< POST /api/auth/login | status=200 | 121ms | user=anonymous
2026-04-19T18:55:06.407Z  INFO 30080 --- [sgci-backend] [o-auto-1-exec-8] m.g.f.s.web.filter.RequestLoggingFilter  : >>> POST /api/auth/login | user=anonymous
2026-04-19T18:55:06.506Z  INFO 30080 --- [sgci-backend] [o-auto-1-exec-8] m.g.f.s.web.filter.RequestLoggingFilter  : <<< POST /api/auth/login | status=200 | 99ms | user=anonymous
2026-04-19T18:55:06.510Z  INFO 30080 --- [sgci-backend] [o-auto-1-exec-9] m.g.f.s.web.filter.RequestLoggingFilter  : >>> GET /api/certificats-credit | user=anonymous
2026-04-19T18:55:06.533Z  INFO 30080 --- [sgci-backend] [o-auto-1-exec-9] m.g.f.s.web.filter.RequestLoggingFilter  : <<< GET /api/certificats-credit | status=200 | 23ms | user=anonymous
2026-04-19T18:55:06.550Z  INFO 30080 --- [sgci-backend] [-auto-1-exec-10] m.g.f.s.web.filter.RequestLoggingFilter  : >>> POST /api/utilisations-credit | user=anonymous
2026-04-19T18:55:06.571Z  INFO 30080 --- [sgci-backend] [-auto-1-exec-10] m.g.f.s.web.filter.RequestLoggingFilter  : <<< POST /api/utilisations-credit | status=201 | 21ms | user=anonymous
2026-04-19T18:55:06.571Z  INFO 30080 --- [sgci-backend] [o-auto-1-exec-1] m.g.f.s.web.filter.RequestLoggingFilter  : >>> POST /api/auth/login | user=anonymous
2026-04-19T18:55:06.666Z  INFO 30080 --- [sgci-backend] [o-auto-1-exec-1] m.g.f.s.web.filter.RequestLoggingFilter  : <<< POST /api/auth/login | status=200 | 95ms | user=anonymous
2026-04-19T18:55:06.670Z  INFO 30080 --- [sgci-backend] [o-auto-1-exec-2] m.g.f.s.web.filter.RequestLoggingFilter  : >>> POST /api/utilisations-credit/4/decisions | user=anonymous
2026-04-19T18:55:06.717Z  INFO 30080 --- [sgci-backend] [o-auto-1-exec-2] m.g.f.s.web.filter.RequestLoggingFilter  : <<< POST /api/utilisations-credit/4/decisions | status=201 | 47ms | user=anonymous
2026-04-19T18:55:06.717Z  INFO 30080 --- [sgci-backend] [o-auto-1-exec-3] m.g.f.s.web.filter.RequestLoggingFilter  : >>> GET /api/utilisations-credit/4 | user=anonymous
2026-04-19T18:55:06.735Z  INFO 30080 --- [sgci-backend] [o-auto-1-exec-3] m.g.f.s.web.filter.RequestLoggingFilter  : <<< GET /api/utilisations-credit/4 | status=200 | 18ms | user=anonymous
2026-04-19T18:55:06.735Z  INFO 30080 --- [sgci-backend] [o-auto-1-exec-4] m.g.f.s.web.filter.RequestLoggingFilter  : >>> GET /api/utilisations-credit/4/decisions | user=anonymous
2026-04-19T18:55:06.766Z  INFO 30080 --- [sgci-backend] [o-auto-1-exec-4] m.g.f.s.web.filter.RequestLoggingFilter  : <<< GET /api/utilisations-credit/4/decisions | status=200 | 31ms | user=anonymous
2026-04-19T18:55:06.770Z  INFO 30080 --- [sgci-backend] [o-auto-1-exec-5] m.g.f.s.web.filter.RequestLoggingFilter  : >>> PUT /api/utilisations-credit/decisions/1/resolve | user=anonymous
2026-04-19T18:55:06.796Z  INFO 30080 --- [sgci-backend] [o-auto-1-exec-5] m.g.f.s.web.filter.RequestLoggingFilter  : <<< PUT /api/utilisations-credit/decisions/1/resolve | status=200 | 26ms | user=anonymous
2026-04-19T18:55:06.799Z  INFO 30080 --- [sgci-backend] [o-auto-1-exec-6] m.g.f.s.web.filter.RequestLoggingFilter  : >>> GET /api/utilisations-credit/4 | user=anonymous
2026-04-19T18:55:06.822Z  INFO 30080 --- [sgci-backend] [o-auto-1-exec-6] m.g.f.s.web.filter.RequestLoggingFilter  : <<< GET /api/utilisations-credit/4 | status=200 | 23ms | user=anonymous
]]></system-out>
  </testcase>
  <testcase name="certificat_rejet_temp_mis_en_place_puis_resolution" classname="mr.gov.finances.sgci.RejetWorkflowsIT" time="0.904">
    <system-out><![CDATA[2026-04-19T18:55:06.835Z  INFO 30080 --- [sgci-backend] [o-auto-1-exec-7] m.g.f.s.web.filter.RequestLoggingFilter  : >>> POST /api/auth/login | user=anonymous
2026-04-19T18:55:06.956Z  INFO 30080 --- [sgci-backend] [o-auto-1-exec-7] m.g.f.s.web.filter.RequestLoggingFilter  : <<< POST /api/auth/login | status=200 | 121ms | user=anonymous
2026-04-19T18:55:06.962Z  INFO 30080 --- [sgci-backend] [o-auto-1-exec-8] m.g.f.s.web.filter.RequestLoggingFilter  : >>> GET /api/certificats-credit | user=anonymous
2026-04-19T18:55:06.986Z  INFO 30080 --- [sgci-backend] [o-auto-1-exec-8] m.g.f.s.web.filter.RequestLoggingFilter  : <<< GET /api/certificats-credit | status=200 | 24ms | user=anonymous
2026-04-19T18:55:06.986Z  INFO 30080 --- [sgci-backend] [o-auto-1-exec-9] m.g.f.s.web.filter.RequestLoggingFilter  : >>> PATCH /api/certificats-credit/1/statut?statut=ANNULE | user=anonymous
2026-04-19T18:55:07.025Z  INFO 30080 --- [sgci-backend] [o-auto-1-exec-9] m.g.f.s.web.filter.RequestLoggingFilter  : <<< PATCH /api/certificats-credit/1/statut?statut=ANNULE | status=200 | 39ms | user=anonymous
2026-04-19T18:55:07.027Z  INFO 30080 --- [sgci-backend] [-auto-1-exec-10] m.g.f.s.web.filter.RequestLoggingFilter  : >>> POST /api/auth/login | user=anonymous
2026-04-19T18:55:07.127Z  INFO 30080 --- [sgci-backend] [-auto-1-exec-10] m.g.f.s.web.filter.RequestLoggingFilter  : <<< POST /api/auth/login | status=200 | 100ms | user=anonymous
2026-04-19T18:55:07.131Z  INFO 30080 --- [sgci-backend] [o-auto-1-exec-1] m.g.f.s.web.filter.RequestLoggingFilter  : >>> GET /api/demandes-correction/by-autorite/1 | user=anonymous
2026-04-19T18:55:07.191Z  INFO 30080 --- [sgci-backend] [o-auto-1-exec-1] m.g.f.s.web.filter.RequestLoggingFilter  : <<< GET /api/demandes-correction/by-autorite/1 | status=200 | 60ms | user=anonymous
2026-04-19T18:55:07.198Z  INFO 30080 --- [sgci-backend] [o-auto-1-exec-2] m.g.f.s.web.filter.RequestLoggingFilter  : >>> POST /api/certificats-credit | user=anonymous
2026-04-19T18:55:07.244Z  INFO 30080 --- [sgci-backend] [o-auto-1-exec-2] m.g.f.s.web.filter.RequestLoggingFilter  : <<< POST /api/certificats-credit | status=201 | 46ms | user=anonymous
2026-04-19T18:55:07.244Z  INFO 30080 --- [sgci-backend] [o-auto-1-exec-3] m.g.f.s.web.filter.RequestLoggingFilter  : >>> POST /api/auth/login | user=anonymous
2026-04-19T18:55:07.338Z  INFO 30080 --- [sgci-backend] [o-auto-1-exec-3] m.g.f.s.web.filter.RequestLoggingFilter  : <<< POST /api/auth/login | status=200 | 94ms | user=anonymous
2026-04-19T18:55:07.338Z  INFO 30080 --- [sgci-backend] [o-auto-1-exec-4] m.g.f.s.web.filter.RequestLoggingFilter  : >>> POST /api/certificats-credit/2/prendre-en-charge | user=anonymous
2026-04-19T18:55:07.375Z  INFO 30080 --- [sgci-backend] [o-auto-1-exec-4] m.g.f.s.web.filter.RequestLoggingFilter  : <<< POST /api/certificats-credit/2/prendre-en-charge | status=200 | 37ms | user=anonymous
2026-04-19T18:55:07.379Z  INFO 30080 --- [sgci-backend] [o-auto-1-exec-5] m.g.f.s.web.filter.RequestLoggingFilter  : >>> POST /api/auth/login | user=anonymous
2026-04-19T18:55:07.481Z  INFO 30080 --- [sgci-backend] [o-auto-1-exec-5] m.g.f.s.web.filter.RequestLoggingFilter  : <<< POST /api/auth/login | status=200 | 102ms | user=anonymous
2026-04-19T18:55:07.481Z  INFO 30080 --- [sgci-backend] [o-auto-1-exec-6] m.g.f.s.web.filter.RequestLoggingFilter  : >>> PATCH /api/certificats-credit/2/montants | user=anonymous
2026-04-19T18:55:07.516Z  INFO 30080 --- [sgci-backend] [o-auto-1-exec-6] m.g.f.s.web.filter.RequestLoggingFilter  : <<< PATCH /api/certificats-credit/2/montants | status=200 | 35ms | user=anonymous
2026-04-19T18:55:07.516Z  INFO 30080 --- [sgci-backend] [o-auto-1-exec-7] m.g.f.s.web.filter.RequestLoggingFilter  : >>> POST /api/auth/login | user=anonymous
2026-04-19T18:55:07.617Z  INFO 30080 --- [sgci-backend] [o-auto-1-exec-7] m.g.f.s.web.filter.RequestLoggingFilter  : <<< POST /api/auth/login | status=200 | 101ms | user=anonymous
2026-04-19T18:55:07.622Z  INFO 30080 --- [sgci-backend] [o-auto-1-exec-8] m.g.f.s.web.filter.RequestLoggingFilter  : >>> POST /api/certificats-credit/2/decisions | user=anonymous
2026-04-19T18:55:07.651Z  INFO 30080 --- [sgci-backend] [o-auto-1-exec-8] m.g.f.s.web.filter.RequestLoggingFilter  : <<< POST /api/certificats-credit/2/decisions | status=201 | 29ms | user=anonymous
2026-04-19T18:55:07.651Z  INFO 30080 --- [sgci-backend] [o-auto-1-exec-9] m.g.f.s.web.filter.RequestLoggingFilter  : >>> GET /api/certificats-credit/2 | user=anonymous
2026-04-19T18:55:07.664Z  INFO 30080 --- [sgci-backend] [o-auto-1-exec-9] m.g.f.s.web.filter.RequestLoggingFilter  : <<< GET /api/certificats-credit/2 | status=200 | 13ms | user=anonymous
2026-04-19T18:55:07.664Z  INFO 30080 --- [sgci-backend] [-auto-1-exec-10] m.g.f.s.web.filter.RequestLoggingFilter  : >>> GET /api/certificats-credit/2/decisions | user=anonymous
2026-04-19T18:55:07.680Z  INFO 30080 --- [sgci-backend] [-auto-1-exec-10] m.g.f.s.web.filter.RequestLoggingFilter  : <<< GET /api/certificats-credit/2/decisions | status=200 | 16ms | user=anonymous
2026-04-19T18:55:07.680Z  INFO 30080 --- [sgci-backend] [o-auto-1-exec-1] m.g.f.s.web.filter.RequestLoggingFilter  : >>> PUT /api/certificats-credit/decisions/1/resolve | user=anonymous
2026-04-19T18:55:07.714Z  INFO 30080 --- [sgci-backend] [o-auto-1-exec-1] m.g.f.s.web.filter.RequestLoggingFilter  : <<< PUT /api/certificats-credit/decisions/1/resolve | status=200 | 34ms | user=anonymous
2026-04-19T18:55:07.717Z  INFO 30080 --- [sgci-backend] [o-auto-1-exec-2] m.g.f.s.web.filter.RequestLoggingFilter  : >>> GET /api/certificats-credit/2 | user=anonymous
2026-04-19T18:55:07.723Z  INFO 30080 --- [sgci-backend] [o-auto-1-exec-2] m.g.f.s.web.filter.RequestLoggingFilter  : <<< GET /api/certificats-credit/2 | status=200 | 6ms | user=anonymous
]]></system-out>
  </testcase>
</testsuite>