<?xml version="1.0" encoding="UTF-8"?>
<testsuite xmlns:xsi="http://www.w3.org/2001/XMLSchema-instance" xsi:noNamespaceSchemaLocation="https://maven.apache.org/surefire/maven-surefire-plugin/xsd/surefire-test-report-3.0.xsd" version="3.0" name="mr.gov.finances.sgci.ZAllWorkflowsIT" time="7.41" tests="1" errors="0" skipped="0" failures="0">
  <properties>
[...]
</properties>
  <testcase name="chaine_mise_en_place_demande_utilisation" classname="mr.gov.finances.sgci.ZAllWorkflowsIT" time="1.681">
    <system-out><![CDATA[2026-04-19T18:55:07.739Z  INFO 30080 --- [sgci-backend] [           main] t.c.s.AnnotationConfigContextLoaderUtils : Could not detect default configuration classes for test class [mr.gov.finances.sgci.ZAllWorkflowsIT]: ZAllWorkflowsIT does not declare any static, non-private, non-final, nested classes annotated with @Configuration.
2026-04-19T18:55:07.743Z  INFO 30080 --- [sgci-backend] [           main] .b.t.c.SpringBootTestContextBootstrapper : Found @SpringBootConfiguration mr.gov.finances.sgci.SgciApplication for test class mr.gov.finances.sgci.ZAllWorkflowsIT
  ____   ____   ____ ___ ___ 
 / ___| / ___| / ___|_ _/ _ \
 \___ \| |    | |    | | | | |
  ___) | |___ | |___ | | |_| |
 |____/ \____| \____|___\___/ 

   Commission Fiscale - SGCI


2026-04-19T18:55:07.801Z  INFO 30080 --- [sgci-backend] [           main] mr.gov.finances.sgci.ZAllWorkflowsIT     : Starting ZAllWorkflowsIT using Java 17.0.16 with PID 30080 (started by Index Informatique in C:\Users\Index Informatique\Downloads\Commission_Fiscale\back\commission-fiscale-backend)
2026-04-19T18:55:07.801Z  INFO 30080 --- [sgci-backend] [           main] mr.gov.finances.sgci.ZAllWorkflowsIT     : The following 1 profile is active: "test"
2026-04-19T18:55:08.225Z  INFO 30080 --- [sgci-backend] [           main] .s.d.r.c.RepositoryConfigurationDelegate : Bootstrapping Spring Data JPA repositories in DEFAULT mode.
2026-04-19T18:55:08.331Z  INFO 30080 --- [sgci-backend] [           main] .s.d.r.c.RepositoryConfigurationDelegate : Finished Spring Data repository scanning in 112 ms. Found 40 JPA repository interfaces.
2026-04-19T18:55:08.514Z  INFO 30080 --- [sgci-backend] [           main] o.s.b.w.embedded.tomcat.TomcatWebServer  : Tomcat initialized with port 0 (http)
2026-04-19T18:55:08.514Z  INFO 30080 --- [sgci-backend] [           main] o.apache.catalina.core.StandardService   : Starting service [Tomcat]
2026-04-19T18:55:08.514Z  INFO 30080 --- [sgci-backend] [           main] o.apache.catalina.core.StandardEngine    : Starting Servlet engine: [Apache Tomcat/10.1.18]
2026-04-19T18:55:08.547Z  INFO 30080 --- [sgci-backend] [           main] o.a.c.c.C.[Tomcat-1].[localhost].[/]     : Initializing Spring embedded WebApplicationContext
2026-04-19T18:55:08.547Z  INFO 30080 --- [sgci-backend] [           main] w.s.c.ServletWebServerApplicationContext : Root WebApplicationContext: initialization completed in 746 ms
2026-04-19T18:55:08.638Z  INFO 30080 --- [sgci-backend] [           main] o.hibernate.jpa.internal.util.LogHelper  : HHH000204: Processing PersistenceUnitInfo [name: default]
2026-04-19T18:55:08.641Z  INFO 30080 --- [sgci-backend] [           main] o.h.c.internal.RegionFactoryInitiator    : HHH000026: Second-level cache disabled
2026-04-19T18:55:08.654Z  INFO 30080 --- [sgci-backend] [           main] o.s.o.j.p.SpringPersistenceUnitInfo      : No LoadTimeWeaver setup: ignoring JPA class transformer
2026-04-19T18:55:08.656Z  INFO 30080 --- [sgci-backend] [           main] com.zaxxer.hikari.HikariDataSource       : HikariPool-2 - Starting...
2026-04-19T18:55:08.656Z  INFO 30080 --- [sgci-backend] [           main] com.zaxxer.hikari.pool.HikariPool        : HikariPool-2 - Added connection conn10: url=jdbc:h2:mem:sgci_it_zall user=SA
2026-04-19T18:55:08.656Z  INFO 30080 --- [sgci-backend] [           main] com.zaxxer.hikari.HikariDataSource       : HikariPool-2 - Start completed.
2026-04-19T18:55:08.656Z  WARN 30080 --- [sgci-backend] [           main] org.hibernate.orm.deprecation            : HHH90000025: H2Dialect does not need to be specified explicitly using 'hibernate.dialect' (remove the property setting and it will be selected by default)
2026-04-19T18:55:09.771Z  INFO 30080 --- [sgci-backend] [           main] o.h.e.t.j.p.i.JtaPlatformInitiator       : HHH000489: No JTA platform available (set 'hibernate.transaction.jta.platform' to enable JTA platform integration)
2026-04-19T18:55:09.868Z  INFO 30080 --- [sgci-backend] [           main] j.LocalContainerEntityManagerFactoryBean : Initialized JPA EntityManagerFactory for persistence unit 'default'
2026-04-19T18:55:10.804Z  WARN 30080 --- [sgci-backend] [           main] JpaBaseConfiguration$JpaWebConfiguration : spring.jpa.open-in-view is enabled by default. Therefore, database queries may be performed during view rendering. Explicitly configure spring.jpa.open-in-view to disable this warning
2026-04-19T18:55:10.990Z  INFO 30080 --- [sgci-backend] [           main] o.s.b.w.embedded.tomcat.TomcatWebServer  : Tomcat started on port 59707 (http) with context path ''
2026-04-19T18:55:10.990Z  INFO 30080 --- [sgci-backend] [           main] o.s.m.s.b.SimpleBrokerMessageHandler     : Starting...
2026-04-19T18:55:10.990Z  INFO 30080 --- [sgci-backend] [           main] o.s.m.s.b.SimpleBrokerMessageHandler     : BrokerAvailabilityEvent[available=true, SimpleBrokerMessageHandler [org.springframework.messaging.simp.broker.DefaultSubscriptionRegistry@72c6f32e]]
2026-04-19T18:55:10.990Z  INFO 30080 --- [sgci-backend] [           main] o.s.m.s.b.SimpleBrokerMessageHandler     : Started.
2026-04-19T18:55:10.993Z  INFO 30080 --- [sgci-backend] [           main] mr.gov.finances.sgci.ZAllWorkflowsIT     : Started ZAllWorkflowsIT in 3.243 seconds (process running for 28.309)
2026-04-19T18:55:13.484Z  INFO 30080 --- [sgci-backend] [o-auto-2-exec-1] o.a.c.c.C.[Tomcat-1].[localhost].[/]     : Initializing Spring DispatcherServlet 'dispatcherServlet'
2026-04-19T18:55:13.487Z  INFO 30080 --- [sgci-backend] [o-auto-2-exec-1] m.g.f.s.web.filter.RequestLoggingFilter  : >>> POST /api/auth/login | user=anonymous
2026-04-19T18:55:13.617Z  INFO 30080 --- [sgci-backend] [o-auto-2-exec-1] m.g.f.s.web.filter.RequestLoggingFilter  : <<< POST /api/auth/login | status=200 | 130ms | user=anonymous
2026-04-19T18:55:13.619Z  INFO 30080 --- [sgci-backend] [o-auto-2-exec-3] m.g.f.s.web.filter.RequestLoggingFilter  : >>> GET /api/certificats-credit | user=anonymous
2026-04-19T18:55:13.644Z  INFO 30080 --- [sgci-backend] [o-auto-2-exec-3] m.g.f.s.web.filter.RequestLoggingFilter  : <<< GET /api/certificats-credit | status=200 | 25ms | user=anonymous
2026-04-19T18:55:13.665Z  INFO 30080 --- [sgci-backend] [o-auto-2-exec-2] m.g.f.s.web.filter.RequestLoggingFilter  : >>> PATCH /api/certificats-credit/1/statut?statut=ANNULE | user=anonymous
2026-04-19T18:55:13.718Z  INFO 30080 --- [sgci-backend] [o-auto-2-exec-2] m.g.f.s.web.filter.RequestLoggingFilter  : <<< PATCH /api/certificats-credit/1/statut?statut=ANNULE | status=200 | 53ms | user=anonymous
2026-04-19T18:55:13.719Z  INFO 30080 --- [sgci-backend] [o-auto-2-exec-5] m.g.f.s.web.filter.RequestLoggingFilter  : >>> POST /api/auth/login | user=anonymous
2026-04-19T18:55:13.814Z  INFO 30080 --- [sgci-backend] [o-auto-2-exec-5] m.g.f.s.web.filter.RequestLoggingFilter  : <<< POST /api/auth/login | status=200 | 95ms | user=anonymous
2026-04-19T18:55:13.830Z  INFO 30080 --- [sgci-backend] [o-auto-2-exec-4] m.g.f.s.web.filter.RequestLoggingFilter  : >>> GET /api/demandes-correction/by-autorite/1 | user=anonymous
2026-04-19T18:55:13.856Z  INFO 30080 --- [sgci-backend] [o-auto-2-exec-4] m.g.f.s.web.filter.RequestLoggingFilter  : <<< GET /api/demandes-correction/by-autorite/1 | status=200 | 26ms | user=anonymous
2026-04-19T18:55:13.860Z  INFO 30080 --- [sgci-backend] [o-auto-2-exec-6] m.g.f.s.web.filter.RequestLoggingFilter  : >>> POST /api/certificats-credit | user=anonymous
2026-04-19T18:55:13.885Z  INFO 30080 --- [sgci-backend] [o-auto-2-exec-6] m.g.f.s.web.filter.RequestLoggingFilter  : <<< POST /api/certificats-credit | status=201 | 25ms | user=anonymous
2026-04-19T18:55:13.887Z  INFO 30080 --- [sgci-backend] [o-auto-2-exec-7] m.g.f.s.web.filter.RequestLoggingFilter  : >>> POST /api/auth/login | user=anonymous
2026-04-19T18:55:13.987Z  INFO 30080 --- [sgci-backend] [o-auto-2-exec-7] m.g.f.s.web.filter.RequestLoggingFilter  : <<< POST /api/auth/login | status=200 | 100ms | user=anonymous
2026-04-19T18:55:13.989Z  INFO 30080 --- [sgci-backend] [o-auto-2-exec-8] m.g.f.s.web.filter.RequestLoggingFilter  : >>> POST /api/certificats-credit/2/prendre-en-charge | user=anonymous
2026-04-19T18:55:14.019Z  INFO 30080 --- [sgci-backend] [o-auto-2-exec-8] m.g.f.s.web.filter.RequestLoggingFilter  : <<< POST /api/certificats-credit/2/prendre-en-charge | status=200 | 30ms | user=anonymous
2026-04-19T18:55:14.022Z  INFO 30080 --- [sgci-backend] [o-auto-2-exec-9] m.g.f.s.web.filter.RequestLoggingFilter  : >>> POST /api/auth/login | user=anonymous
2026-04-19T18:55:14.172Z  INFO 30080 --- [sgci-backend] [o-auto-2-exec-9] m.g.f.s.web.filter.RequestLoggingFilter  : <<< POST /api/auth/login | status=200 | 150ms | user=anonymous
2026-04-19T18:55:14.176Z  INFO 30080 --- [sgci-backend] [-auto-2-exec-10] m.g.f.s.web.filter.RequestLoggingFilter  : >>> PATCH /api/certificats-credit/2/montants | user=anonymous
2026-04-19T18:55:14.217Z  INFO 30080 --- [sgci-backend] [-auto-2-exec-10] m.g.f.s.web.filter.RequestLoggingFilter  : <<< PATCH /api/certificats-credit/2/montants | status=200 | 41ms | user=anonymous
2026-04-19T18:55:14.221Z  INFO 30080 --- [sgci-backend] [o-auto-2-exec-1] m.g.f.s.web.filter.RequestLoggingFilter  : >>> POST /api/auth/login | user=anonymous
2026-04-19T18:55:14.372Z  INFO 30080 --- [sgci-backend] [o-auto-2-exec-1] m.g.f.s.web.filter.RequestLoggingFilter  : <<< POST /api/auth/login | status=200 | 151ms | user=anonymous
2026-04-19T18:55:14.377Z  INFO 30080 --- [sgci-backend] [o-auto-2-exec-3] m.g.f.s.web.filter.RequestLoggingFilter  : >>> POST /api/certificats-credit/2/decisions | user=anonymous
2026-04-19T18:55:14.439Z  INFO 30080 --- [sgci-backend] [o-auto-2-exec-3] m.g.f.s.web.filter.RequestLoggingFilter  : <<< POST /api/certificats-credit/2/decisions | status=201 | 62ms | user=anonymous
2026-04-19T18:55:14.442Z  INFO 30080 --- [sgci-backend] [o-auto-2-exec-2] m.g.f.s.web.filter.RequestLoggingFilter  : >>> POST /api/auth/login | user=anonymous
2026-04-19T18:55:14.546Z  INFO 30080 --- [sgci-backend] [o-auto-2-exec-2] m.g.f.s.web.filter.RequestLoggingFilter  : <<< POST /api/auth/login | status=200 | 104ms | user=anonymous
2026-04-19T18:55:14.548Z  INFO 30080 --- [sgci-backend] [o-auto-2-exec-5] m.g.f.s.web.filter.RequestLoggingFilter  : >>> POST /api/certificats-credit/2/decisions | user=anonymous
2026-04-19T18:55:14.580Z  INFO 30080 --- [sgci-backend] [o-auto-2-exec-5] m.g.f.s.web.filter.RequestLoggingFilter  : <<< POST /api/certificats-credit/2/decisions | status=201 | 32ms | user=anonymous
2026-04-19T18:55:14.582Z  INFO 30080 --- [sgci-backend] [o-auto-2-exec-4] m.g.f.s.web.filter.RequestLoggingFilter  : >>> POST /api/auth/login | user=anonymous
2026-04-19T18:55:14.685Z  INFO 30080 --- [sgci-backend] [o-auto-2-exec-4] m.g.f.s.web.filter.RequestLoggingFilter  : <<< POST /api/auth/login | status=200 | 103ms | user=anonymous
2026-04-19T18:55:14.687Z  INFO 30080 --- [sgci-backend] [o-auto-2-exec-6] m.g.f.s.web.filter.RequestLoggingFilter  : >>> POST /api/certificats-credit/2/decisions | user=anonymous
2026-04-19T18:55:14.709Z  INFO 30080 --- [sgci-backend] [o-auto-2-exec-6] m.g.f.s.web.filter.RequestLoggingFilter  : <<< POST /api/certificats-credit/2/decisions | status=201 | 22ms | user=anonymous
2026-04-19T18:55:14.711Z  INFO 30080 --- [sgci-backend] [o-auto-2-exec-7] m.g.f.s.web.filter.RequestLoggingFilter  : >>> GET /api/certificats-credit/2 | user=anonymous
2026-04-19T18:55:14.724Z  INFO 30080 --- [sgci-backend] [o-auto-2-exec-7] m.g.f.s.web.filter.RequestLoggingFilter  : <<< GET /api/certificats-credit/2 | status=200 | 13ms | user=anonymous
2026-04-19T18:55:14.728Z  INFO 30080 --- [sgci-backend] [o-auto-2-exec-8] m.g.f.s.web.filter.RequestLoggingFilter  : >>> PATCH /api/certificats-credit/2/statut?statut=OUVERT | user=anonymous
2026-04-19T18:55:14.759Z  INFO 30080 --- [sgci-backend] [o-auto-2-exec-8] m.g.f.s.web.filter.RequestLoggingFilter  : <<< PATCH /api/certificats-credit/2/statut?statut=OUVERT | status=200 | 31ms | user=anonymous
2026-04-19T18:55:14.763Z  INFO 30080 --- [sgci-backend] [o-auto-2-exec-9] m.g.f.s.web.filter.RequestLoggingFilter  : >>> PATCH /api/demandes-correction/1/statut?statut=NOTIFIEE | user=anonymous
2026-04-19T18:55:14.828Z  INFO 30080 --- [sgci-backend] [o-auto-2-exec-9] m.g.f.s.web.filter.RequestLoggingFilter  : <<< PATCH /api/demandes-correction/1/statut?statut=NOTIFIEE | status=200 | 65ms | user=anonymous
2026-04-19T18:55:14.832Z  INFO 30080 --- [sgci-backend] [-auto-2-exec-10] m.g.f.s.web.filter.RequestLoggingFilter  : >>> POST /api/auth/login | user=anonymous
2026-04-19T18:55:14.933Z  INFO 30080 --- [sgci-backend] [-auto-2-exec-10] m.g.f.s.web.filter.RequestLoggingFilter  : <<< POST /api/auth/login | status=200 | 101ms | user=anonymous
2026-04-19T18:55:14.937Z  INFO 30080 --- [sgci-backend] [o-auto-2-exec-1] m.g.f.s.web.filter.RequestLoggingFilter  : >>> POST /api/utilisations-credit | user=anonymous
2026-04-19T18:55:14.964Z  INFO 30080 --- [sgci-backend] [o-auto-2-exec-1] m.g.f.s.web.filter.RequestLoggingFilter  : <<< POST /api/utilisations-credit | status=201 | 27ms | user=anonymous
2026-04-19T18:55:14.968Z  INFO 30080 --- [sgci-backend] [o-auto-2-exec-3] m.g.f.s.web.filter.RequestLoggingFilter  : >>> POST /api/auth/login | user=anonymous
2026-04-19T18:55:15.110Z  INFO 30080 --- [sgci-backend] [o-auto-2-exec-3] m.g.f.s.web.filter.RequestLoggingFilter  : <<< POST /api/auth/login | status=200 | 142ms | user=anonymous
2026-04-19T18:55:15.114Z  INFO 30080 --- [sgci-backend] [o-auto-2-exec-3] m.g.f.s.web.filter.RequestLoggingFilter  : >>> PATCH /api/utilisations-credit/3/statut?statut=REJETEE | user=anonymous
2026-04-19T18:55:15.140Z  INFO 30080 --- [sgci-backend] [o-auto-2-exec-3] m.g.f.s.web.filter.RequestLoggingFilter  : <<< PATCH /api/utilisations-credit/3/statut?statut=REJETEE | status=200 | 26ms | user=anonymous
]]></system-out>
  </testcase>
</testsuite>