<?xml version="1.0" encoding="UTF-8"?>
<testsuite xmlns:xsi="http://www.w3.org/2001/XMLSchema-instance" xsi:noNamespaceSchemaLocation="https://maven.apache.org/surefire/maven-surefire-plugin/xsd/surefire-test-report-3.0.xsd" version="3.0" name="mr.gov.finances.sgci.RejetWorkflowsIT" time="48.991" tests="3" errors="0" skipped="0" failures="0">
  <properties>
[...]
</properties>
  <testcase name="utilisation_rejet_definitif_depuis_demandee" classname="mr.gov.finances.sgci.RejetWorkflowsIT" time="4.985">
    <system-out><![CDATA[17:49:12.798 [main] INFO org.springframework.test.context.support.AnnotationConfigContextLoaderUtils -- Could not detect default configuration classes for test class [mr.gov.finances.sgci.RejetWorkflowsIT]: RejetWorkflowsIT does not declare any static, non-private, non-final, nested classes annotated with @Configuration.
17:49:13.259 [main] INFO org.springframework.boot.test.context.SpringBootTestContextBootstrapper -- Found @SpringBootConfiguration mr.gov.finances.sgci.SgciApplication for test class mr.gov.finances.sgci.RejetWorkflowsIT
  ____   ____   ____ ___ ___ 
 / ___| / ___| / ___|_ _/ _ \
 \___ \| |    | |    | | | | |
  ___) | |___ | |___ | | |_| |
 |____/ \____| \____|___\___/ 

   Commission Fiscale - SGCI


2026-04-13T17:49:14.923Z  INFO 30576 --- [sgci-backend] [           main] mr.gov.finances.sgci.RejetWorkflowsIT    : Starting RejetWorkflowsIT using Java 17.0.16 with PID 30576 (started by Index Informatique in C:\Users\Index Informatique\Downloads\Commission_Fiscale\back\commission-fiscale-backend)
2026-04-13T17:49:14.944Z  INFO 30576 --- [sgci-backend] [           main] mr.gov.finances.sgci.RejetWorkflowsIT    : The following 1 profile is active: "test"
2026-04-13T17:49:19.320Z  INFO 30576 --- [sgci-backend] [           main] .s.d.r.c.RepositoryConfigurationDelegate : Bootstrapping Spring Data JPA repositories in DEFAULT mode.
2026-04-13T17:49:20.023Z  INFO 30576 --- [sgci-backend] [           main] .s.d.r.c.RepositoryConfigurationDelegate : Finished Spring Data repository scanning in 666 ms. Found 40 JPA repository interfaces.
2026-04-13T17:49:23.372Z  INFO 30576 --- [sgci-backend] [           main] o.s.b.w.embedded.tomcat.TomcatWebServer  : Tomcat initialized with port 0 (http)
2026-04-13T17:49:23.420Z  INFO 30576 --- [sgci-backend] [           main] o.apache.catalina.core.StandardService   : Starting service [Tomcat]
2026-04-13T17:49:23.423Z  INFO 30576 --- [sgci-backend] [           main] o.apache.catalina.core.StandardEngine    : Starting Servlet engine: [Apache Tomcat/10.1.18]
2026-04-13T17:49:23.777Z  INFO 30576 --- [sgci-backend] [           main] o.a.c.c.C.[Tomcat].[localhost].[/]       : Initializing Spring embedded WebApplicationContext
2026-04-13T17:49:23.783Z  INFO 30576 --- [sgci-backend] [           main] w.s.c.ServletWebServerApplicationContext : Root WebApplicationContext: initialization completed in 8755 ms
2026-04-13T17:49:24.351Z  INFO 30576 --- [sgci-backend] [           main] o.hibernate.jpa.internal.util.LogHelper  : HHH000204: Processing PersistenceUnitInfo [name: default]
2026-04-13T17:49:24.750Z  INFO 30576 --- [sgci-backend] [           main] org.hibernate.Version                    : HHH000412: Hibernate ORM core version 6.4.1.Final
2026-04-13T17:49:24.967Z  INFO 30576 --- [sgci-backend] [           main] o.h.c.internal.RegionFactoryInitiator    : HHH000026: Second-level cache disabled
2026-04-13T17:49:26.183Z  INFO 30576 --- [sgci-backend] [           main] o.s.o.j.p.SpringPersistenceUnitInfo      : No LoadTimeWeaver setup: ignoring JPA class transformer
2026-04-13T17:49:26.326Z  INFO 30576 --- [sgci-backend] [           main] com.zaxxer.hikari.HikariDataSource       : HikariPool-1 - Starting...
2026-04-13T17:49:27.001Z  INFO 30576 --- [sgci-backend] [           main] com.zaxxer.hikari.pool.HikariPool        : HikariPool-1 - Added connection conn0: url=jdbc:h2:mem:sgci_workflow_test user=SA
2026-04-13T17:49:27.003Z  INFO 30576 --- [sgci-backend] [           main] com.zaxxer.hikari.HikariDataSource       : HikariPool-1 - Start completed.
2026-04-13T17:49:27.086Z  WARN 30576 --- [sgci-backend] [           main] org.hibernate.orm.deprecation            : HHH90000025: H2Dialect does not need to be specified explicitly using 'hibernate.dialect' (remove the property setting and it will be selected by default)
2026-04-13T17:49:33.542Z  INFO 30576 --- [sgci-backend] [           main] o.h.e.t.j.p.i.JtaPlatformInitiator       : HHH000489: No JTA platform available (set 'hibernate.transaction.jta.platform' to enable JTA platform integration)
2026-04-13T17:49:34.106Z  INFO 30576 --- [sgci-backend] [           main] j.LocalContainerEntityManagerFactoryBean : Initialized JPA EntityManagerFactory for persistence unit 'default'
2026-04-13T17:49:37.131Z  INFO 30576 --- [sgci-backend] [           main] o.s.d.j.r.query.QueryEnhancerFactory     : Hibernate is in classpath; If applicable, HQL parser will be used.
2026-04-13T17:49:44.094Z  WARN 30576 --- [sgci-backend] [           main] JpaBaseConfiguration$JpaWebConfiguration : spring.jpa.open-in-view is enabled by default. Therefore, database queries may be performed during view rendering. Explicitly configure spring.jpa.open-in-view to disable this warning
2026-04-13T17:49:46.955Z  INFO 30576 --- [sgci-backend] [           main] o.s.b.w.embedded.tomcat.TomcatWebServer  : Tomcat started on port 51641 (http) with context path ''
2026-04-13T17:49:46.962Z  INFO 30576 --- [sgci-backend] [           main] o.s.m.s.b.SimpleBrokerMessageHandler     : Starting...
2026-04-13T17:49:46.964Z  INFO 30576 --- [sgci-backend] [           main] o.s.m.s.b.SimpleBrokerMessageHandler     : BrokerAvailabilityEvent[available=true, SimpleBrokerMessageHandler [org.springframework.messaging.simp.broker.DefaultSubscriptionRegistry@5d35e169]]
2026-04-13T17:49:46.965Z  INFO 30576 --- [sgci-backend] [           main] o.s.m.s.b.SimpleBrokerMessageHandler     : Started.
2026-04-13T17:49:46.997Z  INFO 30576 --- [sgci-backend] [           main] mr.gov.finances.sgci.RejetWorkflowsIT    : Started RejetWorkflowsIT in 33.291 seconds (process running for 37.143)
2026-04-13T17:49:56.061Z  INFO 30576 --- [sgci-backend] [o-auto-1-exec-1] o.a.c.c.C.[Tomcat].[localhost].[/]       : Initializing Spring DispatcherServlet 'dispatcherServlet'
2026-04-13T17:49:56.070Z  INFO 30576 --- [sgci-backend] [o-auto-1-exec-1] m.g.f.s.web.filter.RequestLoggingFilter  : >>> POST /api/auth/login | user=anonymous
2026-04-13T17:49:57.033Z  INFO 30576 --- [sgci-backend] [o-auto-1-exec-1] m.g.f.s.web.filter.RequestLoggingFilter  : <<< POST /api/auth/login | status=200 | 964ms | user=anonymous
2026-04-13T17:49:57.255Z  INFO 30576 --- [sgci-backend] [o-auto-1-exec-2] m.g.f.s.web.filter.RequestLoggingFilter  : >>> POST /api/auth/login | user=anonymous
2026-04-13T17:49:57.529Z  INFO 30576 --- [sgci-backend] [o-auto-1-exec-2] m.g.f.s.web.filter.RequestLoggingFilter  : <<< POST /api/auth/login | status=200 | 274ms | user=anonymous
2026-04-13T17:49:57.544Z  INFO 30576 --- [sgci-backend] [o-auto-1-exec-3] m.g.f.s.web.filter.RequestLoggingFilter  : >>> GET /api/certificats-credit | user=anonymous
2026-04-13T17:49:57.954Z  INFO 30576 --- [sgci-backend] [o-auto-1-exec-3] m.g.f.s.web.filter.RequestLoggingFilter  : <<< GET /api/certificats-credit | status=200 | 410ms | user=anonymous
2026-04-13T17:49:57.964Z  INFO 30576 --- [sgci-backend] [o-auto-1-exec-4] m.g.f.s.web.filter.RequestLoggingFilter  : >>> POST /api/utilisations-credit | user=anonymous
2026-04-13T17:49:58.197Z  INFO 30576 --- [sgci-backend] [o-auto-1-exec-4] m.g.f.s.web.filter.RequestLoggingFilter  : <<< POST /api/utilisations-credit | status=201 | 233ms | user=anonymous
2026-04-13T17:49:58.203Z  INFO 30576 --- [sgci-backend] [o-auto-1-exec-5] m.g.f.s.web.filter.RequestLoggingFilter  : >>> POST /api/auth/login | user=anonymous
2026-04-13T17:49:58.463Z  INFO 30576 --- [sgci-backend] [o-auto-1-exec-5] m.g.f.s.web.filter.RequestLoggingFilter  : <<< POST /api/auth/login | status=200 | 260ms | user=anonymous
2026-04-13T17:49:58.497Z  INFO 30576 --- [sgci-backend] [o-auto-1-exec-6] m.g.f.s.web.filter.RequestLoggingFilter  : >>> PATCH /api/utilisations-credit/3/statut?statut=REJETEE | user=anonymous
2026-04-13T17:49:58.646Z  INFO 30576 --- [sgci-backend] [o-auto-1-exec-6] m.g.f.s.web.filter.RequestLoggingFilter  : <<< PATCH /api/utilisations-credit/3/statut?statut=REJETEE | status=200 | 150ms | user=anonymous
]]></system-out>
  </testcase>
  <testcase name="utilisation_rejet_temp_puis_resolution" classname="mr.gov.finances.sgci.RejetWorkflowsIT" time="1.105">
    <system-out><![CDATA[2026-04-13T17:49:58.737Z  INFO 30576 --- [sgci-backend] [o-auto-1-exec-7] m.g.f.s.web.filter.RequestLoggingFilter  : >>> POST /api/auth/login | user=anonymous
2026-04-13T17:49:58.946Z  INFO 30576 --- [sgci-backend] [o-auto-1-exec-7] m.g.f.s.web.filter.RequestLoggingFilter  : <<< POST /api/auth/login | status=200 | 209ms | user=anonymous
2026-04-13T17:49:58.953Z  INFO 30576 --- [sgci-backend] [o-auto-1-exec-8] m.g.f.s.web.filter.RequestLoggingFilter  : >>> POST /api/auth/login | user=anonymous
2026-04-13T17:49:59.160Z  INFO 30576 --- [sgci-backend] [o-auto-1-exec-8] m.g.f.s.web.filter.RequestLoggingFilter  : <<< POST /api/auth/login | status=200 | 207ms | user=anonymous
2026-04-13T17:49:59.168Z  INFO 30576 --- [sgci-backend] [o-auto-1-exec-9] m.g.f.s.web.filter.RequestLoggingFilter  : >>> GET /api/certificats-credit | user=anonymous
2026-04-13T17:49:59.249Z  INFO 30576 --- [sgci-backend] [o-auto-1-exec-9] m.g.f.s.web.filter.RequestLoggingFilter  : <<< GET /api/certificats-credit | status=200 | 81ms | user=anonymous
2026-04-13T17:49:59.272Z  INFO 30576 --- [sgci-backend] [-auto-1-exec-10] m.g.f.s.web.filter.RequestLoggingFilter  : >>> POST /api/utilisations-credit | user=anonymous
2026-04-13T17:49:59.311Z  INFO 30576 --- [sgci-backend] [-auto-1-exec-10] m.g.f.s.web.filter.RequestLoggingFilter  : <<< POST /api/utilisations-credit | status=201 | 39ms | user=anonymous
2026-04-13T17:49:59.317Z  INFO 30576 --- [sgci-backend] [o-auto-1-exec-1] m.g.f.s.web.filter.RequestLoggingFilter  : >>> POST /api/auth/login | user=anonymous
2026-04-13T17:49:59.529Z  INFO 30576 --- [sgci-backend] [o-auto-1-exec-1] m.g.f.s.web.filter.RequestLoggingFilter  : <<< POST /api/auth/login | status=200 | 212ms | user=anonymous
2026-04-13T17:49:59.535Z  INFO 30576 --- [sgci-backend] [o-auto-1-exec-2] m.g.f.s.web.filter.RequestLoggingFilter  : >>> POST /api/utilisations-credit/4/decisions | user=anonymous
2026-04-13T17:49:59.649Z  INFO 30576 --- [sgci-backend] [o-auto-1-exec-2] m.g.f.s.web.filter.RequestLoggingFilter  : <<< POST /api/utilisations-credit/4/decisions | status=201 | 114ms | user=anonymous
2026-04-13T17:49:59.655Z  INFO 30576 --- [sgci-backend] [o-auto-1-exec-3] m.g.f.s.web.filter.RequestLoggingFilter  : >>> GET /api/utilisations-credit/4 | user=anonymous
2026-04-13T17:49:59.685Z  INFO 30576 --- [sgci-backend] [o-auto-1-exec-3] m.g.f.s.web.filter.RequestLoggingFilter  : <<< GET /api/utilisations-credit/4 | status=200 | 30ms | user=anonymous
2026-04-13T17:49:59.691Z  INFO 30576 --- [sgci-backend] [o-auto-1-exec-4] m.g.f.s.web.filter.RequestLoggingFilter  : >>> GET /api/utilisations-credit/4/decisions | user=anonymous
2026-04-13T17:49:59.732Z  INFO 30576 --- [sgci-backend] [o-auto-1-exec-4] m.g.f.s.web.filter.RequestLoggingFilter  : <<< GET /api/utilisations-credit/4/decisions | status=200 | 41ms | user=anonymous
2026-04-13T17:49:59.738Z  INFO 30576 --- [sgci-backend] [o-auto-1-exec-5] m.g.f.s.web.filter.RequestLoggingFilter  : >>> PUT /api/utilisations-credit/decisions/1/resolve | user=anonymous
2026-04-13T17:49:59.783Z  INFO 30576 --- [sgci-backend] [o-auto-1-exec-5] m.g.f.s.web.filter.RequestLoggingFilter  : <<< PUT /api/utilisations-credit/decisions/1/resolve | status=200 | 46ms | user=anonymous
2026-04-13T17:49:59.789Z  INFO 30576 --- [sgci-backend] [o-auto-1-exec-6] m.g.f.s.web.filter.RequestLoggingFilter  : >>> GET /api/utilisations-credit/4 | user=anonymous
2026-04-13T17:49:59.823Z  INFO 30576 --- [sgci-backend] [o-auto-1-exec-6] m.g.f.s.web.filter.RequestLoggingFilter  : <<< GET /api/utilisations-credit/4 | status=200 | 34ms | user=anonymous
]]></system-out>
  </testcase>
  <testcase name="certificat_rejet_temp_mis_en_place_puis_resolution" classname="mr.gov.finances.sgci.RejetWorkflowsIT" time="1.432">
    <system-out><![CDATA[2026-04-13T17:49:59.842Z  INFO 30576 --- [sgci-backend] [o-auto-1-exec-7] m.g.f.s.web.filter.RequestLoggingFilter  : >>> POST /api/auth/login | user=anonymous
2026-04-13T17:50:00.073Z  INFO 30576 --- [sgci-backend] [o-auto-1-exec-7] m.g.f.s.web.filter.RequestLoggingFilter  : <<< POST /api/auth/login | status=200 | 231ms | user=anonymous
2026-04-13T17:50:00.078Z  INFO 30576 --- [sgci-backend] [o-auto-1-exec-8] m.g.f.s.web.filter.RequestLoggingFilter  : >>> GET /api/certificats-credit | user=anonymous
2026-04-13T17:50:00.146Z  INFO 30576 --- [sgci-backend] [o-auto-1-exec-8] m.g.f.s.web.filter.RequestLoggingFilter  : <<< GET /api/certificats-credit | status=200 | 68ms | user=anonymous
2026-04-13T17:50:00.153Z  INFO 30576 --- [sgci-backend] [o-auto-1-exec-9] m.g.f.s.web.filter.RequestLoggingFilter  : >>> PATCH /api/certificats-credit/1/statut?statut=ANNULE | user=anonymous
2026-04-13T17:50:00.218Z  INFO 30576 --- [sgci-backend] [o-auto-1-exec-9] m.g.f.s.web.filter.RequestLoggingFilter  : <<< PATCH /api/certificats-credit/1/statut?statut=ANNULE | status=200 | 65ms | user=anonymous
2026-04-13T17:50:00.224Z  INFO 30576 --- [sgci-backend] [-auto-1-exec-10] m.g.f.s.web.filter.RequestLoggingFilter  : >>> POST /api/auth/login | user=anonymous
2026-04-13T17:50:00.379Z  INFO 30576 --- [sgci-backend] [-auto-1-exec-10] m.g.f.s.web.filter.RequestLoggingFilter  : <<< POST /api/auth/login | status=200 | 155ms | user=anonymous
2026-04-13T17:50:00.382Z  INFO 30576 --- [sgci-backend] [o-auto-1-exec-1] m.g.f.s.web.filter.RequestLoggingFilter  : >>> GET /api/demandes-correction/by-autorite/1 | user=anonymous
2026-04-13T17:50:00.529Z  INFO 30576 --- [sgci-backend] [o-auto-1-exec-1] m.g.f.s.web.filter.RequestLoggingFilter  : <<< GET /api/demandes-correction/by-autorite/1 | status=200 | 147ms | user=anonymous
2026-04-13T17:50:00.538Z  INFO 30576 --- [sgci-backend] [o-auto-1-exec-2] m.g.f.s.web.filter.RequestLoggingFilter  : >>> POST /api/certificats-credit | user=anonymous
2026-04-13T17:50:00.621Z  INFO 30576 --- [sgci-backend] [o-auto-1-exec-2] m.g.f.s.web.filter.RequestLoggingFilter  : <<< POST /api/certificats-credit | status=201 | 83ms | user=anonymous
2026-04-13T17:50:00.626Z  INFO 30576 --- [sgci-backend] [o-auto-1-exec-3] m.g.f.s.web.filter.RequestLoggingFilter  : >>> POST /api/auth/login | user=anonymous
2026-04-13T17:50:00.806Z  INFO 30576 --- [sgci-backend] [o-auto-1-exec-3] m.g.f.s.web.filter.RequestLoggingFilter  : <<< POST /api/auth/login | status=200 | 180ms | user=anonymous
2026-04-13T17:50:00.812Z  INFO 30576 --- [sgci-backend] [o-auto-1-exec-4] m.g.f.s.web.filter.RequestLoggingFilter  : >>> PATCH /api/certificats-credit/2/montants | user=anonymous
2026-04-13T17:50:00.891Z  INFO 30576 --- [sgci-backend] [o-auto-1-exec-4] m.g.f.s.web.filter.RequestLoggingFilter  : <<< PATCH /api/certificats-credit/2/montants | status=200 | 79ms | user=anonymous
2026-04-13T17:50:00.898Z  INFO 30576 --- [sgci-backend] [o-auto-1-exec-5] m.g.f.s.web.filter.RequestLoggingFilter  : >>> POST /api/auth/login | user=anonymous
2026-04-13T17:50:01.066Z  INFO 30576 --- [sgci-backend] [o-auto-1-exec-5] m.g.f.s.web.filter.RequestLoggingFilter  : <<< POST /api/auth/login | status=200 | 168ms | user=anonymous
2026-04-13T17:50:01.072Z  INFO 30576 --- [sgci-backend] [o-auto-1-exec-6] m.g.f.s.web.filter.RequestLoggingFilter  : >>> POST /api/certificats-credit/2/decisions | user=anonymous
2026-04-13T17:50:01.136Z  INFO 30576 --- [sgci-backend] [o-auto-1-exec-6] m.g.f.s.web.filter.RequestLoggingFilter  : <<< POST /api/certificats-credit/2/decisions | status=201 | 64ms | user=anonymous
2026-04-13T17:50:01.143Z  INFO 30576 --- [sgci-backend] [o-auto-1-exec-7] m.g.f.s.web.filter.RequestLoggingFilter  : >>> GET /api/certificats-credit/2 | user=anonymous
2026-04-13T17:50:01.167Z  INFO 30576 --- [sgci-backend] [o-auto-1-exec-7] m.g.f.s.web.filter.RequestLoggingFilter  : <<< GET /api/certificats-credit/2 | status=200 | 24ms | user=anonymous
2026-04-13T17:50:01.171Z  INFO 30576 --- [sgci-backend] [o-auto-1-exec-8] m.g.f.s.web.filter.RequestLoggingFilter  : >>> GET /api/certificats-credit/2/decisions | user=anonymous
2026-04-13T17:50:01.196Z  INFO 30576 --- [sgci-backend] [o-auto-1-exec-8] m.g.f.s.web.filter.RequestLoggingFilter  : <<< GET /api/certificats-credit/2/decisions | status=200 | 25ms | user=anonymous
2026-04-13T17:50:01.200Z  INFO 30576 --- [sgci-backend] [o-auto-1-exec-9] m.g.f.s.web.filter.RequestLoggingFilter  : >>> PUT /api/certificats-credit/decisions/1/resolve | user=anonymous
2026-04-13T17:50:01.237Z  INFO 30576 --- [sgci-backend] [o-auto-1-exec-9] m.g.f.s.web.filter.RequestLoggingFilter  : <<< PUT /api/certificats-credit/decisions/1/resolve | status=200 | 37ms | user=anonymous
2026-04-13T17:50:01.241Z  INFO 30576 --- [sgci-backend] [-auto-1-exec-10] m.g.f.s.web.filter.RequestLoggingFilter  : >>> GET /api/certificats-credit/2 | user=anonymous
2026-04-13T17:50:01.262Z  INFO 30576 --- [sgci-backend] [-auto-1-exec-10] m.g.f.s.web.filter.RequestLoggingFilter  : <<< GET /api/certificats-credit/2 | status=200 | 21ms | user=anonymous
]]></system-out>
  </testcase>
</testsuite>